2024-12-16 10:13:08.728  INFO 49917 --- [main] cn.xanderye.dockermanager.Application    : Starting Application on ChrisdeMacBook-Air.local with PID 49917 (/Users/tang/Desktop/reference/docker-manager/api/target/classes started by tang in /Users/tang/Desktop/reference/docker-manager/api)
2024-12-16 10:13:08.731  INFO 49917 --- [main] cn.xanderye.dockermanager.Application    : No active profile set, falling back to default profiles: default
2024-12-16 10:13:09.143  INFO 49917 --- [main] o.s.b.w.embedded.tomcat.TomcatWebServer  : Tomcat initialized with port(s): 8081 (http)
2024-12-16 10:13:09.147  INFO 49917 --- [main] o.apache.catalina.core.StandardService   : Starting service [Tomcat]
2024-12-16 10:13:09.148  INFO 49917 --- [main] org.apache.catalina.core.StandardEngine  : Starting Servlet engine: [Apache Tomcat/9.0.36]
2024-12-16 10:13:09.176  INFO 49917 --- [main] o.a.c.c.C.[Tomcat].[localhost].[/]       : Initializing Spring embedded WebApplicationContext
2024-12-16 10:13:09.176  INFO 49917 --- [main] w.s.c.ServletWebServerApplicationContext : Root WebApplicationContext: initialization completed in 424 ms
2024-12-16 10:13:09.908  INFO 49917 --- [main] o.s.s.concurrent.ThreadPoolTaskExecutor  : Initializing ExecutorService 'applicationTaskExecutor'
2024-12-16 10:13:10.007  INFO 49917 --- [main] o.s.b.w.embedded.tomcat.TomcatWebServer  : Tomcat started on port(s): 8081 (http) with context path ''
2024-12-16 10:13:10.013  INFO 49917 --- [main] cn.xanderye.dockermanager.Application    : Started Application in 1.565 seconds (JVM running for 1.899)
2024-12-16 10:16:07.690  INFO 49917 --- [SpringContextShutdownHook] o.s.s.concurrent.ThreadPoolTaskExecutor  : Shutting down ExecutorService 'applicationTaskExecutor'
2024-12-16 10:21:51.817  INFO 50205 --- [main] cn.xanderye.dockermanager.Application    : Starting Application on ChrisdeMacBook-Air.local with PID 50205 (/Users/tang/Desktop/reference/docker-manager/api/target/classes started by tang in /Users/tang/Desktop/reference/docker-manager/api)
2024-12-16 10:21:51.819  INFO 50205 --- [main] cn.xanderye.dockermanager.Application    : No active profile set, falling back to default profiles: default
2024-12-16 10:21:52.540  INFO 50205 --- [main] o.s.b.w.embedded.tomcat.TomcatWebServer  : Tomcat initialized with port(s): 8081 (http)
2024-12-16 10:21:52.551  INFO 50205 --- [main] o.apache.catalina.core.StandardService   : Starting service [Tomcat]
2024-12-16 10:21:52.552  INFO 50205 --- [main] org.apache.catalina.core.StandardEngine  : Starting Servlet engine: [Apache Tomcat/9.0.36]
2024-12-16 10:21:52.606  INFO 50205 --- [main] o.a.c.c.C.[Tomcat].[localhost].[/]       : Initializing Spring embedded WebApplicationContext
2024-12-16 10:21:52.610  INFO 50205 --- [main] w.s.c.ServletWebServerApplicationContext : Root WebApplicationContext: initialization completed in 762 ms
2024-12-16 10:21:53.984  INFO 50205 --- [main] o.s.s.concurrent.ThreadPoolTaskExecutor  : Initializing ExecutorService 'applicationTaskExecutor'
2024-12-16 10:21:54.275  INFO 50205 --- [main] o.s.b.w.embedded.tomcat.TomcatWebServer  : Tomcat started on port(s): 8081 (http) with context path ''
2024-12-16 10:21:54.283  INFO 50205 --- [main] cn.xanderye.dockermanager.Application    : Started Application in 2.819 seconds (JVM running for 3.406)
2024-12-16 10:27:46.901  INFO 52292 --- [main] cn.xanderye.dockermanager.Application    : Starting Application on ChrisdeMacBook-Air.local with PID 52292 (/Users/tang/Documents/GitHub/RemoteDesktop/docker-manager/api/target/classes started by tang in /Users/tang/Documents/GitHub/RemoteDesktop/docker-manager/api)
2024-12-16 10:27:46.903  INFO 52292 --- [main] cn.xanderye.dockermanager.Application    : No active profile set, falling back to default profiles: default
2024-12-16 10:27:47.333  INFO 52292 --- [main] o.s.b.w.embedded.tomcat.TomcatWebServer  : Tomcat initialized with port(s): 8081 (http)
2024-12-16 10:27:47.337  INFO 52292 --- [main] o.apache.catalina.core.StandardService   : Starting service [Tomcat]
2024-12-16 10:27:47.337  INFO 52292 --- [main] org.apache.catalina.core.StandardEngine  : Starting Servlet engine: [Apache Tomcat/9.0.36]
2024-12-16 10:27:47.364  INFO 52292 --- [main] o.a.c.c.C.[Tomcat].[localhost].[/]       : Initializing Spring embedded WebApplicationContext
2024-12-16 10:27:47.364  INFO 52292 --- [main] w.s.c.ServletWebServerApplicationContext : Root WebApplicationContext: initialization completed in 440 ms
2024-12-16 10:27:47.969  INFO 52292 --- [main] o.s.s.concurrent.ThreadPoolTaskExecutor  : Initializing ExecutorService 'applicationTaskExecutor'
2024-12-16 10:27:48.056  INFO 52292 --- [main] o.s.b.w.embedded.tomcat.TomcatWebServer  : Tomcat started on port(s): 8081 (http) with context path ''
2024-12-16 10:27:48.061  INFO 52292 --- [main] cn.xanderye.dockermanager.Application    : Started Application in 1.429 seconds (JVM running for 1.74)
2024-12-16 10:36:30.008  INFO 53931 --- [main] cn.xanderye.dockermanager.Application    : Starting Application on ChrisdeMacBook-Air.local with PID 53931 (/Users/tang/Documents/GitHub/RemoteDesktop/docker-manager/api/target/classes started by tang in /Users/tang/Documents/GitHub/RemoteDesktop/docker-manager/api)
2024-12-16 10:36:30.010  INFO 53931 --- [main] cn.xanderye.dockermanager.Application    : No active profile set, falling back to default profiles: default
2024-12-16 10:36:30.715  INFO 53931 --- [main] o.s.b.w.embedded.tomcat.TomcatWebServer  : Tomcat initialized with port(s): 8081 (http)
2024-12-16 10:36:30.719  INFO 53931 --- [main] o.apache.catalina.core.StandardService   : Starting service [Tomcat]
2024-12-16 10:36:30.719  INFO 53931 --- [main] org.apache.catalina.core.StandardEngine  : Starting Servlet engine: [Apache Tomcat/9.0.36]
2024-12-16 10:36:30.743  INFO 53931 --- [main] o.a.c.c.C.[Tomcat].[localhost].[/]       : Initializing Spring embedded WebApplicationContext
2024-12-16 10:36:30.743  INFO 53931 --- [main] w.s.c.ServletWebServerApplicationContext : Root WebApplicationContext: initialization completed in 705 ms
2024-12-16 10:36:31.344  INFO 53931 --- [main] o.s.s.concurrent.ThreadPoolTaskExecutor  : Initializing ExecutorService 'applicationTaskExecutor'
2024-12-16 10:36:31.434  INFO 53931 --- [main] o.s.b.w.embedded.tomcat.TomcatWebServer  : Tomcat started on port(s): 8081 (http) with context path ''
2024-12-16 10:36:31.439  INFO 53931 --- [main] cn.xanderye.dockermanager.Application    : Started Application in 1.716 seconds (JVM running for 2.048)
2024-12-16 10:36:37.363  INFO 53931 --- [SpringContextShutdownHook] o.s.s.concurrent.ThreadPoolTaskExecutor  : Shutting down ExecutorService 'applicationTaskExecutor'
2024-12-16 10:48:15.485  INFO 54409 --- [main] cn.xanderye.dockermanager.Application    : Starting Application on ChrisdeMacBook-Air.local with PID 54409 (/Users/tang/Documents/GitHub/RemoteDesktop/docker-manager/api/target/classes started by tang in /Users/tang/Documents/GitHub/RemoteDesktop/docker-manager/api)
2024-12-16 10:48:15.486  INFO 54409 --- [main] cn.xanderye.dockermanager.Application    : No active profile set, falling back to default profiles: default
2024-12-16 10:48:15.907  INFO 54409 --- [main] o.s.b.w.embedded.tomcat.TomcatWebServer  : Tomcat initialized with port(s): 8081 (http)
2024-12-16 10:48:15.911  INFO 54409 --- [main] o.apache.catalina.core.StandardService   : Starting service [Tomcat]
2024-12-16 10:48:15.911  INFO 54409 --- [main] org.apache.catalina.core.StandardEngine  : Starting Servlet engine: [Apache Tomcat/9.0.36]
2024-12-16 10:48:15.947  INFO 54409 --- [main] o.a.c.c.C.[Tomcat].[localhost].[/]       : Initializing Spring embedded WebApplicationContext
2024-12-16 10:48:15.947  INFO 54409 --- [main] w.s.c.ServletWebServerApplicationContext : Root WebApplicationContext: initialization completed in 433 ms
2024-12-16 10:48:16.542  INFO 54409 --- [main] o.s.s.concurrent.ThreadPoolTaskExecutor  : Initializing ExecutorService 'applicationTaskExecutor'
2024-12-16 10:48:16.634  INFO 54409 --- [main] o.s.b.w.embedded.tomcat.TomcatWebServer  : Tomcat started on port(s): 8081 (http) with context path ''
2024-12-16 10:48:16.640  INFO 54409 --- [main] cn.xanderye.dockermanager.Application    : Started Application in 1.359 seconds (JVM running for 1.77)
2024-12-16 10:54:45.628  INFO 55300 --- [main] cn.xanderye.dockermanager.Application    : Starting Application on ChrisdeMacBook-Air.local with PID 55300 (/Users/tang/Documents/GitHub/RemoteDesktop/docker-manager/api/target/classes started by tang in /Users/tang/Documents/GitHub/RemoteDesktop/docker-manager/api)
2024-12-16 10:54:45.629  INFO 55300 --- [main] cn.xanderye.dockermanager.Application    : No active profile set, falling back to default profiles: default
2024-12-16 10:54:46.157  INFO 55300 --- [main] o.s.b.w.embedded.tomcat.TomcatWebServer  : Tomcat initialized with port(s): 8081 (http)
2024-12-16 10:54:46.161  INFO 55300 --- [main] o.apache.catalina.core.StandardService   : Starting service [Tomcat]
2024-12-16 10:54:46.161  INFO 55300 --- [main] org.apache.catalina.core.StandardEngine  : Starting Servlet engine: [Apache Tomcat/9.0.36]
2024-12-16 10:54:46.201  INFO 55300 --- [main] o.a.c.c.C.[Tomcat].[localhost].[/]       : Initializing Spring embedded WebApplicationContext
2024-12-16 10:54:46.202  INFO 55300 --- [main] w.s.c.ServletWebServerApplicationContext : Root WebApplicationContext: initialization completed in 554 ms
2024-12-16 10:54:48.093  INFO 55300 --- [main] o.s.s.concurrent.ThreadPoolTaskExecutor  : Initializing ExecutorService 'applicationTaskExecutor'
2024-12-16 10:54:48.218  INFO 55300 --- [main] o.s.b.w.embedded.tomcat.TomcatWebServer  : Tomcat started on port(s): 8081 (http) with context path ''
2024-12-16 10:54:48.228  INFO 55300 --- [main] cn.xanderye.dockermanager.Application    : Started Application in 2.794 seconds (JVM running for 3.395)
2024-12-16 10:59:30.464  INFO 55300 --- [http-nio-8081-exec-1] o.a.c.c.C.[Tomcat].[localhost].[/]       : Initializing Spring DispatcherServlet 'dispatcherServlet'
2024-12-16 10:59:30.466  INFO 55300 --- [http-nio-8081-exec-1] o.s.web.servlet.DispatcherServlet        : Initializing Servlet 'dispatcherServlet'
2024-12-16 10:59:30.488  INFO 55300 --- [http-nio-8081-exec-1] o.s.web.servlet.DispatcherServlet        : Completed initialization in 20 ms
2024-12-16 10:59:30.636  INFO 55300 --- [http-nio-8081-exec-2] c.x.d.interceptor.LoginInterceptor       : remoteAddr=127.0.0.1,  method=GET, uri=/docker/info, username=admin
2024-12-16 10:59:31.478 ERROR 55300 --- [http-nio-8081-exec-4] c.x.d.exception.GlobalExceptionHandler   : 路径配置错误，无法获取到容器
2024-12-16 10:59:34.480 ERROR 55300 --- [http-nio-8081-exec-7] c.x.d.exception.GlobalExceptionHandler   : 路径配置错误，无法获取到容器
2024-12-16 10:59:37.505 ERROR 55300 --- [http-nio-8081-exec-9] c.x.d.exception.GlobalExceptionHandler   : 账号认证异常
2024-12-16 10:59:41.207 ERROR 55300 --- [http-nio-8081-exec-2] c.x.d.exception.GlobalExceptionHandler   : 账号认证异常
2024-12-16 10:59:43.620 ERROR 55300 --- [http-nio-8081-exec-5] c.x.d.exception.GlobalExceptionHandler   : 账号认证异常
2024-12-16 10:59:47.209 ERROR 55300 --- [http-nio-8081-exec-6] c.x.d.exception.GlobalExceptionHandler   : 账号认证异常
2024-12-16 10:59:50.236 ERROR 55300 --- [http-nio-8081-exec-10] c.x.d.exception.GlobalExceptionHandler   : 账号认证异常
2024-12-16 10:59:53.211 ERROR 55300 --- [http-nio-8081-exec-1] c.x.d.exception.GlobalExceptionHandler   : 账号认证异常
2024-12-16 10:59:56.209 ERROR 55300 --- [http-nio-8081-exec-5] c.x.d.exception.GlobalExceptionHandler   : 账号认证异常
2024-12-16 10:59:59.195 ERROR 55300 --- [http-nio-8081-exec-8] c.x.d.exception.GlobalExceptionHandler   : 账号认证异常
2024-12-16 11:00:02.224 ERROR 55300 --- [http-nio-8081-exec-10] c.x.d.exception.GlobalExceptionHandler   : 账号认证异常
2024-12-16 11:00:05.197 ERROR 55300 --- [http-nio-8081-exec-2] c.x.d.exception.GlobalExceptionHandler   : 账号认证异常
2024-12-16 11:00:08.216 ERROR 55300 --- [http-nio-8081-exec-5] c.x.d.exception.GlobalExceptionHandler   : 账号认证异常
2024-12-16 11:00:11.245 ERROR 55300 --- [http-nio-8081-exec-8] c.x.d.exception.GlobalExceptionHandler   : 账号认证异常
2024-12-16 11:00:13.834 ERROR 55300 --- [http-nio-8081-exec-1] c.x.d.exception.GlobalExceptionHandler   : 账号认证异常
2024-12-16 11:00:16.499 ERROR 55300 --- [http-nio-8081-exec-3] c.x.d.exception.GlobalExceptionHandler   : 账号认证异常
2024-12-16 11:00:20.224 ERROR 55300 --- [http-nio-8081-exec-6] c.x.d.exception.GlobalExceptionHandler   : 账号认证异常
2024-12-16 11:00:23.209 ERROR 55300 --- [http-nio-8081-exec-7] c.x.d.exception.GlobalExceptionHandler   : 账号认证异常
2024-12-16 11:00:26.216 ERROR 55300 --- [http-nio-8081-exec-1] c.x.d.exception.GlobalExceptionHandler   : 账号认证异常
2024-12-16 11:00:29.191 ERROR 55300 --- [http-nio-8081-exec-2] c.x.d.exception.GlobalExceptionHandler   : 账号认证异常
2024-12-16 11:00:31.501 ERROR 55300 --- [http-nio-8081-exec-6] c.x.d.exception.GlobalExceptionHandler   : 账号认证异常
2024-12-16 11:00:34.488 ERROR 55300 --- [http-nio-8081-exec-8] c.x.d.exception.GlobalExceptionHandler   : 账号认证异常
2024-12-16 11:00:38.225 ERROR 55300 --- [http-nio-8081-exec-1] c.x.d.exception.GlobalExceptionHandler   : 账号认证异常
2024-12-16 11:00:41.209 ERROR 55300 --- [http-nio-8081-exec-2] c.x.d.exception.GlobalExceptionHandler   : 账号认证异常
2024-12-16 11:00:44.218 ERROR 55300 --- [http-nio-8081-exec-7] c.x.d.exception.GlobalExceptionHandler   : 账号认证异常
2024-12-16 11:00:47.217 ERROR 55300 --- [http-nio-8081-exec-9] c.x.d.exception.GlobalExceptionHandler   : 账号认证异常
2024-12-16 11:00:50.231 ERROR 55300 --- [http-nio-8081-exec-4] c.x.d.exception.GlobalExceptionHandler   : 账号认证异常
2024-12-16 11:00:53.205 ERROR 55300 --- [http-nio-8081-exec-3] c.x.d.exception.GlobalExceptionHandler   : 账号认证异常
2024-12-16 11:00:56.235 ERROR 55300 --- [http-nio-8081-exec-7] c.x.d.exception.GlobalExceptionHandler   : 账号认证异常
2024-12-16 11:00:59.197 ERROR 55300 --- [http-nio-8081-exec-8] c.x.d.exception.GlobalExceptionHandler   : 账号认证异常
2024-12-16 11:01:02.208 ERROR 55300 --- [http-nio-8081-exec-4] c.x.d.exception.GlobalExceptionHandler   : 账号认证异常
2024-12-16 11:01:05.199 ERROR 55300 --- [http-nio-8081-exec-2] c.x.d.exception.GlobalExceptionHandler   : 账号认证异常
2024-12-16 11:01:08.197 ERROR 55300 --- [http-nio-8081-exec-7] c.x.d.exception.GlobalExceptionHandler   : 账号认证异常
2024-12-16 11:01:10.488 ERROR 55300 --- [http-nio-8081-exec-8] c.x.d.exception.GlobalExceptionHandler   : 账号认证异常
2024-12-16 11:01:13.508 ERROR 55300 --- [http-nio-8081-exec-5] c.x.d.exception.GlobalExceptionHandler   : 账号认证异常
2024-12-16 11:01:17.213 ERROR 55300 --- [http-nio-8081-exec-3] c.x.d.exception.GlobalExceptionHandler   : 账号认证异常
2024-12-16 11:01:20.214 ERROR 55300 --- [http-nio-8081-exec-9] c.x.d.exception.GlobalExceptionHandler   : 账号认证异常
2024-12-16 11:01:23.226 ERROR 55300 --- [http-nio-8081-exec-10] c.x.d.exception.GlobalExceptionHandler   : 账号认证异常
2024-12-16 11:01:26.215 ERROR 55300 --- [http-nio-8081-exec-5] c.x.d.exception.GlobalExceptionHandler   : 账号认证异常
2024-12-16 11:01:29.208 ERROR 55300 --- [http-nio-8081-exec-2] c.x.d.exception.GlobalExceptionHandler   : 账号认证异常
2024-12-16 11:01:32.200 ERROR 55300 --- [http-nio-8081-exec-9] c.x.d.exception.GlobalExceptionHandler   : 账号认证异常
2024-12-16 11:01:35.210 ERROR 55300 --- [http-nio-8081-exec-1] c.x.d.exception.GlobalExceptionHandler   : 账号认证异常
2024-12-16 11:01:38.196 ERROR 55300 --- [http-nio-8081-exec-5] c.x.d.exception.GlobalExceptionHandler   : 账号认证异常
2024-12-16 11:01:41.211 ERROR 55300 --- [http-nio-8081-exec-2] c.x.d.exception.GlobalExceptionHandler   : 账号认证异常
2024-12-16 11:01:44.208 ERROR 55300 --- [http-nio-8081-exec-8] c.x.d.exception.GlobalExceptionHandler   : 账号认证异常
2024-12-16 11:01:47.215 ERROR 55300 --- [http-nio-8081-exec-10] c.x.d.exception.GlobalExceptionHandler   : 账号认证异常
2024-12-16 11:01:50.226 ERROR 55300 --- [http-nio-8081-exec-6] c.x.d.exception.GlobalExceptionHandler   : 账号认证异常
2024-12-16 11:01:53.197 ERROR 55300 --- [http-nio-8081-exec-3] c.x.d.exception.GlobalExceptionHandler   : 账号认证异常
2024-12-16 11:01:55.488 ERROR 55300 --- [http-nio-8081-exec-8] c.x.d.exception.GlobalExceptionHandler   : 账号认证异常
2024-12-16 11:01:59.229 ERROR 55300 --- [http-nio-8081-exec-4] c.x.d.exception.GlobalExceptionHandler   : 账号认证异常
2024-12-16 11:02:02.221 ERROR 55300 --- [http-nio-8081-exec-6] c.x.d.exception.GlobalExceptionHandler   : 账号认证异常
2024-12-16 11:02:05.197 ERROR 55300 --- [http-nio-8081-exec-7] c.x.d.exception.GlobalExceptionHandler   : 账号认证异常
2024-12-16 11:02:08.203 ERROR 55300 --- [http-nio-8081-exec-8] c.x.d.exception.GlobalExceptionHandler   : 账号认证异常
2024-12-16 11:02:11.204 ERROR 55300 --- [http-nio-8081-exec-4] c.x.d.exception.GlobalExceptionHandler   : 账号认证异常
2024-12-16 11:02:14.205 ERROR 55300 --- [http-nio-8081-exec-2] c.x.d.exception.GlobalExceptionHandler   : 账号认证异常
2024-12-16 11:02:17.221 ERROR 55300 --- [http-nio-8081-exec-3] c.x.d.exception.GlobalExceptionHandler   : 账号认证异常
2024-12-16 11:02:20.210 ERROR 55300 --- [http-nio-8081-exec-1] c.x.d.exception.GlobalExceptionHandler   : 账号认证异常
2024-12-16 11:02:22.479 ERROR 55300 --- [http-nio-8081-exec-10] c.x.d.exception.GlobalExceptionHandler   : 账号认证异常
2024-12-16 11:02:26.217 ERROR 55300 --- [http-nio-8081-exec-2] c.x.d.exception.GlobalExceptionHandler   : 账号认证异常
2024-12-16 11:02:29.185 ERROR 55300 --- [http-nio-8081-exec-7] c.x.d.exception.GlobalExceptionHandler   : 账号认证异常
2024-12-16 11:02:32.207 ERROR 55300 --- [http-nio-8081-exec-1] c.x.d.exception.GlobalExceptionHandler   : 账号认证异常
2024-12-16 11:02:35.208 ERROR 55300 --- [http-nio-8081-exec-5] c.x.d.exception.GlobalExceptionHandler   : 账号认证异常
2024-12-16 11:10:54.138  INFO 57671 --- [main] cn.xanderye.dockermanager.Application    : Starting Application on ChrisdeMacBook-Air.local with PID 57671 (/Users/tang/Documents/GitHub/RemoteDesktop/docker-manager/api/target/classes started by tang in /Users/tang/Documents/GitHub/RemoteDesktop/docker-manager/api)
2024-12-16 11:10:54.142  INFO 57671 --- [main] cn.xanderye.dockermanager.Application    : No active profile set, falling back to default profiles: default
2024-12-16 11:10:54.668  INFO 57671 --- [main] o.s.b.w.embedded.tomcat.TomcatWebServer  : Tomcat initialized with port(s): 8081 (http)
2024-12-16 11:10:54.672  INFO 57671 --- [main] o.apache.catalina.core.StandardService   : Starting service [Tomcat]
2024-12-16 11:10:54.672  INFO 57671 --- [main] org.apache.catalina.core.StandardEngine  : Starting Servlet engine: [Apache Tomcat/9.0.36]
2024-12-16 11:10:54.713  INFO 57671 --- [main] o.a.c.c.C.[Tomcat].[localhost].[/]       : Initializing Spring embedded WebApplicationContext
2024-12-16 11:10:54.713  INFO 57671 --- [main] w.s.c.ServletWebServerApplicationContext : Root WebApplicationContext: initialization completed in 537 ms
2024-12-16 11:10:55.721  INFO 57671 --- [main] o.s.s.concurrent.ThreadPoolTaskExecutor  : Initializing ExecutorService 'applicationTaskExecutor'
2024-12-16 11:10:55.838  INFO 57671 --- [main] o.s.b.w.embedded.tomcat.TomcatWebServer  : Tomcat started on port(s): 8081 (http) with context path ''
2024-12-16 11:10:55.844  INFO 57671 --- [main] cn.xanderye.dockermanager.Application    : Started Application in 2.004 seconds (JVM running for 2.36)
2024-12-16 11:11:48.356  INFO 57671 --- [http-nio-8081-exec-1] o.a.c.c.C.[Tomcat].[localhost].[/]       : Initializing Spring DispatcherServlet 'dispatcherServlet'
2024-12-16 11:11:48.360  INFO 57671 --- [http-nio-8081-exec-1] o.s.web.servlet.DispatcherServlet        : Initializing Servlet 'dispatcherServlet'
2024-12-16 11:11:48.369  INFO 57671 --- [http-nio-8081-exec-1] o.s.web.servlet.DispatcherServlet        : Completed initialization in 8 ms
2024-12-16 11:11:48.423 ERROR 57671 --- [http-nio-8081-exec-2] c.x.d.exception.GlobalExceptionHandler   : 账号认证异常
