2024-12-24 09:14:36.732  INFO 50916 --- [main] cn.edu.zjut.dockermanager.Application    : Starting Application on zpf with PID 50916 (D:\RemoteDesktop\docker-manager\api\target\classes started by 朱鹏飞1 in D:\RemoteDesktop)
2024-12-24 09:14:36.738  INFO 50916 --- [main] cn.edu.zjut.dockermanager.Application    : No active profile set, falling back to default profiles: default
2024-12-24 09:14:37.419  INFO 50916 --- [main] o.s.b.w.embedded.tomcat.TomcatWebServer  : Tomcat initialized with port(s): 8081 (http)
2024-12-24 09:14:37.426  INFO 50916 --- [main] o.apache.catalina.core.StandardService   : Starting service [Tomcat]
2024-12-24 09:14:37.426  INFO 50916 --- [main] org.apache.catalina.core.StandardEngine  : Starting Servlet engine: [Apache Tomcat/9.0.36]
2024-12-24 09:14:37.427  INFO 50916 --- [main] o.a.catalina.core.AprLifecycleListener   : Loaded Apache Tomcat Native library [1.3.0] using APR version [1.7.4].
2024-12-24 09:14:37.427  INFO 50916 --- [main] o.a.catalina.core.AprLifecycleListener   : APR capabilities: IPv6 [true], sendfile [true], accept filters [false], random [true].
2024-12-24 09:14:37.427  INFO 50916 --- [main] o.a.catalina.core.AprLifecycleListener   : APR/OpenSSL configuration: useAprConnector [false], useOpenSSL [true]
2024-12-24 09:14:37.498  INFO 50916 --- [main] o.a.catalina.core.AprLifecycleListener   : OpenSSL successfully initialized [OpenSSL 3.0.13 30 Jan 2024]
2024-12-24 09:14:37.551  INFO 50916 --- [main] o.a.c.c.C.[Tomcat].[localhost].[/]       : Initializing Spring embedded WebApplicationContext
2024-12-24 09:14:37.551  INFO 50916 --- [main] w.s.c.ServletWebServerApplicationContext : Root WebApplicationContext: initialization completed in 784 ms
2024-12-24 09:14:42.028  WARN 50916 --- [main] ConfigServletWebServerApplicationContext : Exception encountered during context initialization - cancelling refresh attempt: org.springframework.beans.factory.BeanCreationException: Error creating bean with name 'dockerConfiguration': Invocation of init method failed; nested exception is cn.edu.zjut.dockermanager.exception.BusinessException: 请先安装docker
2024-12-24 09:14:42.031  INFO 50916 --- [main] o.apache.catalina.core.StandardService   : Stopping service [Tomcat]
2024-12-24 09:14:42.037  INFO 50916 --- [main] ConditionEvaluationReportLoggingListener : 

Error starting ApplicationContext. To display the conditions report re-run your application with 'debug' enabled.
2024-12-24 09:14:42.044 ERROR 50916 --- [main] o.s.boot.SpringApplication               : Application run failed

org.springframework.beans.factory.BeanCreationException: Error creating bean with name 'dockerConfiguration': Invocation of init method failed; nested exception is cn.edu.zjut.dockermanager.exception.BusinessException: 请先安装docker
	at org.springframework.beans.factory.annotation.InitDestroyAnnotationBeanPostProcessor.postProcessBeforeInitialization(InitDestroyAnnotationBeanPostProcessor.java:160) ~[spring-beans-5.2.7.RELEASE.jar:5.2.7.RELEASE]
	at org.springframework.beans.factory.support.AbstractAutowireCapableBeanFactory.applyBeanPostProcessorsBeforeInitialization(AbstractAutowireCapableBeanFactory.java:416) ~[spring-beans-5.2.7.RELEASE.jar:5.2.7.RELEASE]
	at org.springframework.beans.factory.support.AbstractAutowireCapableBeanFactory.initializeBean(AbstractAutowireCapableBeanFactory.java:1788) ~[spring-beans-5.2.7.RELEASE.jar:5.2.7.RELEASE]
	at org.springframework.beans.factory.support.AbstractAutowireCapableBeanFactory.doCreateBean(AbstractAutowireCapableBeanFactory.java:595) ~[spring-beans-5.2.7.RELEASE.jar:5.2.7.RELEASE]
	at org.springframework.beans.factory.support.AbstractAutowireCapableBeanFactory.createBean(AbstractAutowireCapableBeanFactory.java:517) ~[spring-beans-5.2.7.RELEASE.jar:5.2.7.RELEASE]
	at org.springframework.beans.factory.support.AbstractBeanFactory.lambda$doGetBean$0(AbstractBeanFactory.java:323) ~[spring-beans-5.2.7.RELEASE.jar:5.2.7.RELEASE]
	at org.springframework.beans.factory.support.DefaultSingletonBeanRegistry.getSingleton(DefaultSingletonBeanRegistry.java:226) ~[spring-beans-5.2.7.RELEASE.jar:5.2.7.RELEASE]
	at org.springframework.beans.factory.support.AbstractBeanFactory.doGetBean(AbstractBeanFactory.java:321) ~[spring-beans-5.2.7.RELEASE.jar:5.2.7.RELEASE]
	at org.springframework.beans.factory.support.AbstractBeanFactory.getBean(AbstractBeanFactory.java:202) ~[spring-beans-5.2.7.RELEASE.jar:5.2.7.RELEASE]
	at org.springframework.beans.factory.support.DefaultListableBeanFactory.preInstantiateSingletons(DefaultListableBeanFactory.java:893) ~[spring-beans-5.2.7.RELEASE.jar:5.2.7.RELEASE]
	at org.springframework.context.support.AbstractApplicationContext.finishBeanFactoryInitialization(AbstractApplicationContext.java:879) ~[spring-context-5.2.7.RELEASE.jar:5.2.7.RELEASE]
	at org.springframework.context.support.AbstractApplicationContext.refresh(AbstractApplicationContext.java:551) ~[spring-context-5.2.7.RELEASE.jar:5.2.7.RELEASE]
	at org.springframework.boot.web.servlet.context.ServletWebServerApplicationContext.refresh(ServletWebServerApplicationContext.java:143) ~[spring-boot-2.3.1.RELEASE.jar:2.3.1.RELEASE]
	at org.springframework.boot.SpringApplication.refresh(SpringApplication.java:758) ~[spring-boot-2.3.1.RELEASE.jar:2.3.1.RELEASE]
	at org.springframework.boot.SpringApplication.refresh(SpringApplication.java:750) ~[spring-boot-2.3.1.RELEASE.jar:2.3.1.RELEASE]
	at org.springframework.boot.SpringApplication.refreshContext(SpringApplication.java:397) ~[spring-boot-2.3.1.RELEASE.jar:2.3.1.RELEASE]
	at org.springframework.boot.SpringApplication.run(SpringApplication.java:315) ~[spring-boot-2.3.1.RELEASE.jar:2.3.1.RELEASE]
	at org.springframework.boot.SpringApplication.run(SpringApplication.java:1237) ~[spring-boot-2.3.1.RELEASE.jar:2.3.1.RELEASE]
	at org.springframework.boot.SpringApplication.run(SpringApplication.java:1226) ~[spring-boot-2.3.1.RELEASE.jar:2.3.1.RELEASE]
	at cn.edu.zjut.dockermanager.Application.main(Application.java:10) ~[classes/:na]
Caused by: cn.edu.zjut.dockermanager.exception.BusinessException: 请先安装docker
	at cn.edu.zjut.dockermanager.config.DockerConfiguration.init(DockerConfiguration.java:23) ~[classes/:na]
	at java.base/jdk.internal.reflect.NativeMethodAccessorImpl.invoke0(Native Method) ~[na:na]
	at java.base/jdk.internal.reflect.NativeMethodAccessorImpl.invoke(NativeMethodAccessorImpl.java:62) ~[na:na]
	at java.base/jdk.internal.reflect.DelegatingMethodAccessorImpl.invoke(DelegatingMethodAccessorImpl.java:43) ~[na:na]
	at java.base/java.lang.reflect.Method.invoke(Method.java:566) ~[na:na]
	at org.springframework.beans.factory.annotation.InitDestroyAnnotationBeanPostProcessor$LifecycleElement.invoke(InitDestroyAnnotationBeanPostProcessor.java:389) ~[spring-beans-5.2.7.RELEASE.jar:5.2.7.RELEASE]
	at org.springframework.beans.factory.annotation.InitDestroyAnnotationBeanPostProcessor$LifecycleMetadata.invokeInitMethods(InitDestroyAnnotationBeanPostProcessor.java:333) ~[spring-beans-5.2.7.RELEASE.jar:5.2.7.RELEASE]
	at org.springframework.beans.factory.annotation.InitDestroyAnnotationBeanPostProcessor.postProcessBeforeInitialization(InitDestroyAnnotationBeanPostProcessor.java:157) ~[spring-beans-5.2.7.RELEASE.jar:5.2.7.RELEASE]
	... 19 common frames omitted

2024-12-24 09:20:06.650  INFO 61228 --- [main] cn.edu.zjut.dockermanager.Application    : Starting Application on zpf with PID 61228 (D:\RemoteDesktop\docker-manager\api\target\classes started by 朱鹏飞1 in D:\RemoteDesktop)
2024-12-24 09:20:06.652  INFO 61228 --- [main] cn.edu.zjut.dockermanager.Application    : No active profile set, falling back to default profiles: default
2024-12-24 09:20:07.266  INFO 61228 --- [main] o.s.b.w.embedded.tomcat.TomcatWebServer  : Tomcat initialized with port(s): 8081 (http)
2024-12-24 09:20:07.273  INFO 61228 --- [main] o.apache.catalina.core.StandardService   : Starting service [Tomcat]
2024-12-24 09:20:07.273  INFO 61228 --- [main] org.apache.catalina.core.StandardEngine  : Starting Servlet engine: [Apache Tomcat/9.0.36]
2024-12-24 09:20:07.274  INFO 61228 --- [main] o.a.catalina.core.AprLifecycleListener   : Loaded Apache Tomcat Native library [1.3.0] using APR version [1.7.4].
2024-12-24 09:20:07.274  INFO 61228 --- [main] o.a.catalina.core.AprLifecycleListener   : APR capabilities: IPv6 [true], sendfile [true], accept filters [false], random [true].
2024-12-24 09:20:07.274  INFO 61228 --- [main] o.a.catalina.core.AprLifecycleListener   : APR/OpenSSL configuration: useAprConnector [false], useOpenSSL [true]
2024-12-24 09:20:07.300  INFO 61228 --- [main] o.a.catalina.core.AprLifecycleListener   : OpenSSL successfully initialized [OpenSSL 3.0.13 30 Jan 2024]
2024-12-24 09:20:07.345  INFO 61228 --- [main] o.a.c.c.C.[Tomcat].[localhost].[/]       : Initializing Spring embedded WebApplicationContext
2024-12-24 09:20:07.345  INFO 61228 --- [main] w.s.c.ServletWebServerApplicationContext : Root WebApplicationContext: initialization completed in 664 ms
2024-12-24 09:20:11.788  WARN 61228 --- [main] ConfigServletWebServerApplicationContext : Exception encountered during context initialization - cancelling refresh attempt: org.springframework.beans.factory.BeanCreationException: Error creating bean with name 'dockerConfiguration': Invocation of init method failed; nested exception is cn.edu.zjut.dockermanager.exception.BusinessException: 请先安装docker
2024-12-24 09:20:11.789  INFO 61228 --- [main] o.apache.catalina.core.StandardService   : Stopping service [Tomcat]
2024-12-24 09:20:11.797  INFO 61228 --- [main] ConditionEvaluationReportLoggingListener : 

Error starting ApplicationContext. To display the conditions report re-run your application with 'debug' enabled.
2024-12-24 09:20:11.804 ERROR 61228 --- [main] o.s.boot.SpringApplication               : Application run failed

org.springframework.beans.factory.BeanCreationException: Error creating bean with name 'dockerConfiguration': Invocation of init method failed; nested exception is cn.edu.zjut.dockermanager.exception.BusinessException: 请先安装docker
	at org.springframework.beans.factory.annotation.InitDestroyAnnotationBeanPostProcessor.postProcessBeforeInitialization(InitDestroyAnnotationBeanPostProcessor.java:160) ~[spring-beans-5.2.7.RELEASE.jar:5.2.7.RELEASE]
	at org.springframework.beans.factory.support.AbstractAutowireCapableBeanFactory.applyBeanPostProcessorsBeforeInitialization(AbstractAutowireCapableBeanFactory.java:416) ~[spring-beans-5.2.7.RELEASE.jar:5.2.7.RELEASE]
	at org.springframework.beans.factory.support.AbstractAutowireCapableBeanFactory.initializeBean(AbstractAutowireCapableBeanFactory.java:1788) ~[spring-beans-5.2.7.RELEASE.jar:5.2.7.RELEASE]
	at org.springframework.beans.factory.support.AbstractAutowireCapableBeanFactory.doCreateBean(AbstractAutowireCapableBeanFactory.java:595) ~[spring-beans-5.2.7.RELEASE.jar:5.2.7.RELEASE]
	at org.springframework.beans.factory.support.AbstractAutowireCapableBeanFactory.createBean(AbstractAutowireCapableBeanFactory.java:517) ~[spring-beans-5.2.7.RELEASE.jar:5.2.7.RELEASE]
	at org.springframework.beans.factory.support.AbstractBeanFactory.lambda$doGetBean$0(AbstractBeanFactory.java:323) ~[spring-beans-5.2.7.RELEASE.jar:5.2.7.RELEASE]
	at org.springframework.beans.factory.support.DefaultSingletonBeanRegistry.getSingleton(DefaultSingletonBeanRegistry.java:226) ~[spring-beans-5.2.7.RELEASE.jar:5.2.7.RELEASE]
	at org.springframework.beans.factory.support.AbstractBeanFactory.doGetBean(AbstractBeanFactory.java:321) ~[spring-beans-5.2.7.RELEASE.jar:5.2.7.RELEASE]
	at org.springframework.beans.factory.support.AbstractBeanFactory.getBean(AbstractBeanFactory.java:202) ~[spring-beans-5.2.7.RELEASE.jar:5.2.7.RELEASE]
	at org.springframework.beans.factory.support.DefaultListableBeanFactory.preInstantiateSingletons(DefaultListableBeanFactory.java:893) ~[spring-beans-5.2.7.RELEASE.jar:5.2.7.RELEASE]
	at org.springframework.context.support.AbstractApplicationContext.finishBeanFactoryInitialization(AbstractApplicationContext.java:879) ~[spring-context-5.2.7.RELEASE.jar:5.2.7.RELEASE]
	at org.springframework.context.support.AbstractApplicationContext.refresh(AbstractApplicationContext.java:551) ~[spring-context-5.2.7.RELEASE.jar:5.2.7.RELEASE]
	at org.springframework.boot.web.servlet.context.ServletWebServerApplicationContext.refresh(ServletWebServerApplicationContext.java:143) ~[spring-boot-2.3.1.RELEASE.jar:2.3.1.RELEASE]
	at org.springframework.boot.SpringApplication.refresh(SpringApplication.java:758) ~[spring-boot-2.3.1.RELEASE.jar:2.3.1.RELEASE]
	at org.springframework.boot.SpringApplication.refresh(SpringApplication.java:750) ~[spring-boot-2.3.1.RELEASE.jar:2.3.1.RELEASE]
	at org.springframework.boot.SpringApplication.refreshContext(SpringApplication.java:397) ~[spring-boot-2.3.1.RELEASE.jar:2.3.1.RELEASE]
	at org.springframework.boot.SpringApplication.run(SpringApplication.java:315) ~[spring-boot-2.3.1.RELEASE.jar:2.3.1.RELEASE]
	at org.springframework.boot.SpringApplication.run(SpringApplication.java:1237) ~[spring-boot-2.3.1.RELEASE.jar:2.3.1.RELEASE]
	at org.springframework.boot.SpringApplication.run(SpringApplication.java:1226) ~[spring-boot-2.3.1.RELEASE.jar:2.3.1.RELEASE]
	at cn.edu.zjut.dockermanager.Application.main(Application.java:10) ~[classes/:na]
Caused by: cn.edu.zjut.dockermanager.exception.BusinessException: 请先安装docker
	at cn.edu.zjut.dockermanager.config.DockerConfiguration.init(DockerConfiguration.java:23) ~[classes/:na]
	at java.base/jdk.internal.reflect.NativeMethodAccessorImpl.invoke0(Native Method) ~[na:na]
	at java.base/jdk.internal.reflect.NativeMethodAccessorImpl.invoke(NativeMethodAccessorImpl.java:62) ~[na:na]
	at java.base/jdk.internal.reflect.DelegatingMethodAccessorImpl.invoke(DelegatingMethodAccessorImpl.java:43) ~[na:na]
	at java.base/java.lang.reflect.Method.invoke(Method.java:566) ~[na:na]
	at org.springframework.beans.factory.annotation.InitDestroyAnnotationBeanPostProcessor$LifecycleElement.invoke(InitDestroyAnnotationBeanPostProcessor.java:389) ~[spring-beans-5.2.7.RELEASE.jar:5.2.7.RELEASE]
	at org.springframework.beans.factory.annotation.InitDestroyAnnotationBeanPostProcessor$LifecycleMetadata.invokeInitMethods(InitDestroyAnnotationBeanPostProcessor.java:333) ~[spring-beans-5.2.7.RELEASE.jar:5.2.7.RELEASE]
	at org.springframework.beans.factory.annotation.InitDestroyAnnotationBeanPostProcessor.postProcessBeforeInitialization(InitDestroyAnnotationBeanPostProcessor.java:157) ~[spring-beans-5.2.7.RELEASE.jar:5.2.7.RELEASE]
	... 19 common frames omitted

2024-12-24 10:18:54.004  INFO 38180 --- [main] cn.edu.zjut.dockermanager.Application    : Starting Application on zpf with PID 38180 (D:\RemoteDesktop\docker-manager\api\target\classes started by 朱鹏飞1 in D:\RemoteDesktop)
2024-12-24 10:18:54.007  INFO 38180 --- [main] cn.edu.zjut.dockermanager.Application    : No active profile set, falling back to default profiles: default
2024-12-24 10:18:54.852  INFO 38180 --- [main] o.s.b.w.embedded.tomcat.TomcatWebServer  : Tomcat initialized with port(s): 8081 (http)
2024-12-24 10:18:54.861  INFO 38180 --- [main] o.apache.catalina.core.StandardService   : Starting service [Tomcat]
2024-12-24 10:18:54.861  INFO 38180 --- [main] org.apache.catalina.core.StandardEngine  : Starting Servlet engine: [Apache Tomcat/9.0.36]
2024-12-24 10:18:54.863  INFO 38180 --- [main] o.a.catalina.core.AprLifecycleListener   : Loaded Apache Tomcat Native library [1.3.0] using APR version [1.7.4].
2024-12-24 10:18:54.863  INFO 38180 --- [main] o.a.catalina.core.AprLifecycleListener   : APR capabilities: IPv6 [true], sendfile [true], accept filters [false], random [true].
2024-12-24 10:18:54.863  INFO 38180 --- [main] o.a.catalina.core.AprLifecycleListener   : APR/OpenSSL configuration: useAprConnector [false], useOpenSSL [true]
2024-12-24 10:18:54.932  INFO 38180 --- [main] o.a.catalina.core.AprLifecycleListener   : OpenSSL successfully initialized [OpenSSL 3.0.13 30 Jan 2024]
2024-12-24 10:18:54.996  INFO 38180 --- [main] o.a.c.c.C.[Tomcat].[localhost].[/]       : Initializing Spring embedded WebApplicationContext
2024-12-24 10:18:54.996  INFO 38180 --- [main] w.s.c.ServletWebServerApplicationContext : Root WebApplicationContext: initialization completed in 945 ms
2024-12-24 10:19:00.525  INFO 38180 --- [main] o.s.s.concurrent.ThreadPoolTaskExecutor  : Initializing ExecutorService 'applicationTaskExecutor'
2024-12-24 10:19:00.720  INFO 38180 --- [main] o.s.b.w.embedded.tomcat.TomcatWebServer  : Tomcat started on port(s): 8081 (http) with context path ''
2024-12-24 10:19:00.732  INFO 38180 --- [main] cn.edu.zjut.dockermanager.Application    : Started Application in 7.093 seconds (JVM running for 8.701)
2024-12-24 10:20:06.341  INFO 38180 --- [http-nio-8081-exec-2] o.a.c.c.C.[Tomcat].[localhost].[/]       : Initializing Spring DispatcherServlet 'dispatcherServlet'
2024-12-24 10:20:06.342  INFO 38180 --- [http-nio-8081-exec-2] o.s.web.servlet.DispatcherServlet        : Initializing Servlet 'dispatcherServlet'
2024-12-24 10:20:06.349  INFO 38180 --- [http-nio-8081-exec-2] o.s.web.servlet.DispatcherServlet        : Completed initialization in 7 ms
2024-12-24 10:20:06.423  INFO 38180 --- [http-nio-8081-exec-5] c.e.z.d.interceptor.LoginInterceptor     : remoteAddr=127.0.0.1,  method=GET, uri=/docker/info, username=admin
2024-12-24 10:20:09.967 ERROR 38180 --- [http-nio-8081-exec-10] c.e.z.d.e.GlobalExceptionHandler         : 路径配置错误，无法获取到容器
2024-12-24 10:20:13.634 ERROR 38180 --- [http-nio-8081-exec-6] c.e.z.d.e.GlobalExceptionHandler         : 路径配置错误，无法获取到容器
2024-12-24 10:20:16.646 ERROR 38180 --- [http-nio-8081-exec-7] c.e.z.d.e.GlobalExceptionHandler         : 路径配置错误，无法获取到容器
2024-12-24 10:20:19.638 ERROR 38180 --- [http-nio-8081-exec-8] c.e.z.d.e.GlobalExceptionHandler         : 路径配置错误，无法获取到容器
2024-12-24 10:20:20.977  INFO 38180 --- [SpringContextShutdownHook] o.s.s.concurrent.ThreadPoolTaskExecutor  : Shutting down ExecutorService 'applicationTaskExecutor'
2024-12-24 10:20:26.027  INFO 61044 --- [main] cn.edu.zjut.dockermanager.Application    : Starting Application on zpf with PID 61044 (D:\RemoteDesktop\docker-manager\api\target\classes started by 朱鹏飞1 in D:\RemoteDesktop)
2024-12-24 10:20:26.030  INFO 61044 --- [main] cn.edu.zjut.dockermanager.Application    : No active profile set, falling back to default profiles: default
2024-12-24 10:20:26.760  INFO 61044 --- [main] o.s.b.w.embedded.tomcat.TomcatWebServer  : Tomcat initialized with port(s): 8081 (http)
2024-12-24 10:20:26.767  INFO 61044 --- [main] o.apache.catalina.core.StandardService   : Starting service [Tomcat]
2024-12-24 10:20:26.768  INFO 61044 --- [main] org.apache.catalina.core.StandardEngine  : Starting Servlet engine: [Apache Tomcat/9.0.36]
2024-12-24 10:20:26.769  INFO 61044 --- [main] o.a.catalina.core.AprLifecycleListener   : Loaded Apache Tomcat Native library [1.3.0] using APR version [1.7.4].
2024-12-24 10:20:26.769  INFO 61044 --- [main] o.a.catalina.core.AprLifecycleListener   : APR capabilities: IPv6 [true], sendfile [true], accept filters [false], random [true].
2024-12-24 10:20:26.770  INFO 61044 --- [main] o.a.catalina.core.AprLifecycleListener   : APR/OpenSSL configuration: useAprConnector [false], useOpenSSL [true]
2024-12-24 10:20:26.774  INFO 61044 --- [main] o.a.catalina.core.AprLifecycleListener   : OpenSSL successfully initialized [OpenSSL 3.0.13 30 Jan 2024]
2024-12-24 10:20:26.841  INFO 61044 --- [main] o.a.c.c.C.[Tomcat].[localhost].[/]       : Initializing Spring embedded WebApplicationContext
2024-12-24 10:20:26.841  INFO 61044 --- [main] w.s.c.ServletWebServerApplicationContext : Root WebApplicationContext: initialization completed in 778 ms
2024-12-24 10:20:30.267  INFO 61044 --- [main] o.s.s.concurrent.ThreadPoolTaskExecutor  : Initializing ExecutorService 'applicationTaskExecutor'
2024-12-24 10:20:30.448  INFO 61044 --- [main] o.s.b.w.embedded.tomcat.TomcatWebServer  : Tomcat started on port(s): 8081 (http) with context path ''
2024-12-24 10:20:30.460  INFO 61044 --- [main] cn.edu.zjut.dockermanager.Application    : Started Application in 4.806 seconds (JVM running for 7.008)
2024-12-24 10:20:30.704  INFO 61044 --- [http-nio-8081-exec-1] o.a.c.c.C.[Tomcat].[localhost].[/]       : Initializing Spring DispatcherServlet 'dispatcherServlet'
2024-12-24 10:20:30.706  INFO 61044 --- [http-nio-8081-exec-1] o.s.web.servlet.DispatcherServlet        : Initializing Servlet 'dispatcherServlet'
2024-12-24 10:20:30.714  INFO 61044 --- [http-nio-8081-exec-1] o.s.web.servlet.DispatcherServlet        : Completed initialization in 8 ms
2024-12-24 10:21:49.512 ERROR 61044 --- [http-nio-8081-exec-5] c.e.z.d.e.GlobalExceptionHandler         : 路径配置错误，无法获取到容器
2024-12-24 10:21:49.512 ERROR 61044 --- [http-nio-8081-exec-2] c.e.z.d.e.GlobalExceptionHandler         : 路径配置错误，无法获取到容器
2024-12-24 10:21:49.514 ERROR 61044 --- [http-nio-8081-exec-6] c.e.z.d.e.GlobalExceptionHandler         : 路径配置错误，无法获取到容器
2024-12-24 10:21:50.372  INFO 61044 --- [SpringContextShutdownHook] o.s.s.concurrent.ThreadPoolTaskExecutor  : Shutting down ExecutorService 'applicationTaskExecutor'
2024-12-24 10:23:47.734  INFO 50592 --- [main] cn.edu.zjut.dockermanager.Application    : Starting Application on zpf with PID 50592 (D:\RemoteDesktop\docker-manager\api\target\classes started by 朱鹏飞1 in D:\RemoteDesktop)
2024-12-24 10:23:47.737  INFO 50592 --- [main] cn.edu.zjut.dockermanager.Application    : No active profile set, falling back to default profiles: default
2024-12-24 10:23:48.573  INFO 50592 --- [main] o.s.b.w.embedded.tomcat.TomcatWebServer  : Tomcat initialized with port(s): 8081 (http)
2024-12-24 10:23:48.586  INFO 50592 --- [main] o.apache.catalina.core.StandardService   : Starting service [Tomcat]
2024-12-24 10:23:48.587  INFO 50592 --- [main] org.apache.catalina.core.StandardEngine  : Starting Servlet engine: [Apache Tomcat/9.0.36]
2024-12-24 10:23:48.588  INFO 50592 --- [main] o.a.catalina.core.AprLifecycleListener   : Loaded Apache Tomcat Native library [1.3.0] using APR version [1.7.4].
2024-12-24 10:23:48.589  INFO 50592 --- [main] o.a.catalina.core.AprLifecycleListener   : APR capabilities: IPv6 [true], sendfile [true], accept filters [false], random [true].
2024-12-24 10:23:48.589  INFO 50592 --- [main] o.a.catalina.core.AprLifecycleListener   : APR/OpenSSL configuration: useAprConnector [false], useOpenSSL [true]
2024-12-24 10:23:48.594  INFO 50592 --- [main] o.a.catalina.core.AprLifecycleListener   : OpenSSL successfully initialized [OpenSSL 3.0.13 30 Jan 2024]
2024-12-24 10:23:48.661  INFO 50592 --- [main] o.a.c.c.C.[Tomcat].[localhost].[/]       : Initializing Spring embedded WebApplicationContext
2024-12-24 10:23:48.661  INFO 50592 --- [main] w.s.c.ServletWebServerApplicationContext : Root WebApplicationContext: initialization completed in 887 ms
2024-12-24 10:23:52.270  INFO 50592 --- [main] o.s.s.concurrent.ThreadPoolTaskExecutor  : Initializing ExecutorService 'applicationTaskExecutor'
2024-12-24 10:23:52.435  INFO 50592 --- [main] o.s.b.w.embedded.tomcat.TomcatWebServer  : Tomcat started on port(s): 8081 (http) with context path ''
2024-12-24 10:23:52.446  INFO 50592 --- [main] cn.edu.zjut.dockermanager.Application    : Started Application in 5.1 seconds (JVM running for 6.664)
2024-12-24 10:23:58.358  INFO 50592 --- [SpringContextShutdownHook] o.s.s.concurrent.ThreadPoolTaskExecutor  : Shutting down ExecutorService 'applicationTaskExecutor'
2024-12-24 10:24:05.330  INFO 61600 --- [main] cn.edu.zjut.dockermanager.Application    : Starting Application on zpf with PID 61600 (D:\RemoteDesktop\docker-manager\api\target\classes started by 朱鹏飞1 in D:\RemoteDesktop)
2024-12-24 10:24:05.333  INFO 61600 --- [main] cn.edu.zjut.dockermanager.Application    : No active profile set, falling back to default profiles: default
2024-12-24 10:24:06.151  INFO 61600 --- [main] o.s.b.w.embedded.tomcat.TomcatWebServer  : Tomcat initialized with port(s): 8081 (http)
2024-12-24 10:24:06.159  INFO 61600 --- [main] o.apache.catalina.core.StandardService   : Starting service [Tomcat]
2024-12-24 10:24:06.159  INFO 61600 --- [main] org.apache.catalina.core.StandardEngine  : Starting Servlet engine: [Apache Tomcat/9.0.36]
2024-12-24 10:24:06.161  INFO 61600 --- [main] o.a.catalina.core.AprLifecycleListener   : Loaded Apache Tomcat Native library [1.3.0] using APR version [1.7.4].
2024-12-24 10:24:06.161  INFO 61600 --- [main] o.a.catalina.core.AprLifecycleListener   : APR capabilities: IPv6 [true], sendfile [true], accept filters [false], random [true].
2024-12-24 10:24:06.161  INFO 61600 --- [main] o.a.catalina.core.AprLifecycleListener   : APR/OpenSSL configuration: useAprConnector [false], useOpenSSL [true]
2024-12-24 10:24:06.166  INFO 61600 --- [main] o.a.catalina.core.AprLifecycleListener   : OpenSSL successfully initialized [OpenSSL 3.0.13 30 Jan 2024]
2024-12-24 10:24:06.233  INFO 61600 --- [main] o.a.c.c.C.[Tomcat].[localhost].[/]       : Initializing Spring embedded WebApplicationContext
2024-12-24 10:24:06.234  INFO 61600 --- [main] w.s.c.ServletWebServerApplicationContext : Root WebApplicationContext: initialization completed in 860 ms
2024-12-24 10:37:59.572  INFO 13708 --- [main] cn.edu.zjut.dockermanager.Application    : Starting Application on zpf with PID 13708 (D:\RemoteDesktop\docker-manager\api\target\classes started by 朱鹏飞1 in D:\RemoteDesktop)
2024-12-24 10:37:59.574  INFO 13708 --- [main] cn.edu.zjut.dockermanager.Application    : No active profile set, falling back to default profiles: default
2024-12-24 10:38:00.419  INFO 13708 --- [main] o.s.b.w.embedded.tomcat.TomcatWebServer  : Tomcat initialized with port(s): 8081 (http)
2024-12-24 10:38:00.429  INFO 13708 --- [main] o.apache.catalina.core.StandardService   : Starting service [Tomcat]
2024-12-24 10:38:00.430  INFO 13708 --- [main] org.apache.catalina.core.StandardEngine  : Starting Servlet engine: [Apache Tomcat/9.0.36]
2024-12-24 10:38:00.432  INFO 13708 --- [main] o.a.catalina.core.AprLifecycleListener   : Loaded Apache Tomcat Native library [1.3.0] using APR version [1.7.4].
2024-12-24 10:38:00.432  INFO 13708 --- [main] o.a.catalina.core.AprLifecycleListener   : APR capabilities: IPv6 [true], sendfile [true], accept filters [false], random [true].
2024-12-24 10:38:00.432  INFO 13708 --- [main] o.a.catalina.core.AprLifecycleListener   : APR/OpenSSL configuration: useAprConnector [false], useOpenSSL [true]
2024-12-24 10:38:00.438  INFO 13708 --- [main] o.a.catalina.core.AprLifecycleListener   : OpenSSL successfully initialized [OpenSSL 3.0.13 30 Jan 2024]
2024-12-24 10:38:00.510  INFO 13708 --- [main] o.a.c.c.C.[Tomcat].[localhost].[/]       : Initializing Spring embedded WebApplicationContext
2024-12-24 10:38:00.510  INFO 13708 --- [main] w.s.c.ServletWebServerApplicationContext : Root WebApplicationContext: initialization completed in 888 ms
2024-12-24 10:38:03.769  INFO 13708 --- [main] o.s.s.concurrent.ThreadPoolTaskExecutor  : Initializing ExecutorService 'applicationTaskExecutor'
2024-12-24 10:38:03.950  INFO 13708 --- [main] o.s.b.w.embedded.tomcat.TomcatWebServer  : Tomcat started on port(s): 8081 (http) with context path ''
2024-12-24 10:38:03.961  INFO 13708 --- [main] cn.edu.zjut.dockermanager.Application    : Started Application in 4.781 seconds (JVM running for 6.399)
2024-12-24 10:38:16.643  INFO 13708 --- [SpringContextShutdownHook] o.s.s.concurrent.ThreadPoolTaskExecutor  : Shutting down ExecutorService 'applicationTaskExecutor'
2024-12-24 10:38:20.125  INFO 44892 --- [main] cn.edu.zjut.dockermanager.Application    : Starting Application on zpf with PID 44892 (D:\RemoteDesktop\docker-manager\api\target\classes started by 朱鹏飞1 in D:\RemoteDesktop)
2024-12-24 10:38:20.127  INFO 44892 --- [main] cn.edu.zjut.dockermanager.Application    : No active profile set, falling back to default profiles: default
2024-12-24 10:38:20.979  INFO 44892 --- [main] o.s.b.w.embedded.tomcat.TomcatWebServer  : Tomcat initialized with port(s): 8081 (http)
2024-12-24 10:38:20.988  INFO 44892 --- [main] o.apache.catalina.core.StandardService   : Starting service [Tomcat]
2024-12-24 10:38:20.989  INFO 44892 --- [main] org.apache.catalina.core.StandardEngine  : Starting Servlet engine: [Apache Tomcat/9.0.36]
2024-12-24 10:38:20.991  INFO 44892 --- [main] o.a.catalina.core.AprLifecycleListener   : Loaded Apache Tomcat Native library [1.3.0] using APR version [1.7.4].
2024-12-24 10:38:20.991  INFO 44892 --- [main] o.a.catalina.core.AprLifecycleListener   : APR capabilities: IPv6 [true], sendfile [true], accept filters [false], random [true].
2024-12-24 10:38:20.992  INFO 44892 --- [main] o.a.catalina.core.AprLifecycleListener   : APR/OpenSSL configuration: useAprConnector [false], useOpenSSL [true]
2024-12-24 10:38:20.997  INFO 44892 --- [main] o.a.catalina.core.AprLifecycleListener   : OpenSSL successfully initialized [OpenSSL 3.0.13 30 Jan 2024]
2024-12-24 10:38:21.068  INFO 44892 --- [main] o.a.c.c.C.[Tomcat].[localhost].[/]       : Initializing Spring embedded WebApplicationContext
2024-12-24 10:38:21.068  INFO 44892 --- [main] w.s.c.ServletWebServerApplicationContext : Root WebApplicationContext: initialization completed in 893 ms
2024-12-24 10:38:24.400  INFO 44892 --- [main] o.s.s.concurrent.ThreadPoolTaskExecutor  : Initializing ExecutorService 'applicationTaskExecutor'
2024-12-24 10:38:24.584  INFO 44892 --- [main] o.s.b.w.embedded.tomcat.TomcatWebServer  : Tomcat started on port(s): 8081 (http) with context path ''
2024-12-24 10:38:24.597  INFO 44892 --- [main] cn.edu.zjut.dockermanager.Application    : Started Application in 4.847 seconds (JVM running for 6.404)
2024-12-24 10:38:25.720  INFO 44892 --- [http-nio-8081-exec-1] o.a.c.c.C.[Tomcat].[localhost].[/]       : Initializing Spring DispatcherServlet 'dispatcherServlet'
2024-12-24 10:38:25.722  INFO 44892 --- [http-nio-8081-exec-1] o.s.web.servlet.DispatcherServlet        : Initializing Servlet 'dispatcherServlet'
2024-12-24 10:38:25.733  INFO 44892 --- [http-nio-8081-exec-1] o.s.web.servlet.DispatcherServlet        : Completed initialization in 11 ms
2024-12-24 10:38:53.055 ERROR 44892 --- [http-nio-8081-exec-3] c.e.z.d.e.GlobalExceptionHandler         : 路径配置错误，无法获取到容器
2024-12-24 10:38:53.894  INFO 44892 --- [SpringContextShutdownHook] o.s.s.concurrent.ThreadPoolTaskExecutor  : Shutting down ExecutorService 'applicationTaskExecutor'
2024-12-24 12:13:07.021  INFO 35804 --- [main] cn.edu.zjut.dockermanager.Application    : Starting Application on zpf with PID 35804 (D:\RemoteDesktop\docker-manager\api\target\classes started by 朱鹏飞1 in D:\RemoteDesktop)
2024-12-24 12:13:07.022  INFO 35804 --- [main] cn.edu.zjut.dockermanager.Application    : No active profile set, falling back to default profiles: default
2024-12-24 12:13:07.695  INFO 35804 --- [main] o.s.b.w.embedded.tomcat.TomcatWebServer  : Tomcat initialized with port(s): 8081 (http)
2024-12-24 12:13:07.702  INFO 35804 --- [main] o.apache.catalina.core.StandardService   : Starting service [Tomcat]
2024-12-24 12:13:07.702  INFO 35804 --- [main] org.apache.catalina.core.StandardEngine  : Starting Servlet engine: [Apache Tomcat/9.0.36]
2024-12-24 12:13:07.703  INFO 35804 --- [main] o.a.catalina.core.AprLifecycleListener   : Loaded Apache Tomcat Native library [1.3.0] using APR version [1.7.4].
2024-12-24 12:13:07.704  INFO 35804 --- [main] o.a.catalina.core.AprLifecycleListener   : APR capabilities: IPv6 [true], sendfile [true], accept filters [false], random [true].
2024-12-24 12:13:07.704  INFO 35804 --- [main] o.a.catalina.core.AprLifecycleListener   : APR/OpenSSL configuration: useAprConnector [false], useOpenSSL [true]
2024-12-24 12:13:07.769  INFO 35804 --- [main] o.a.catalina.core.AprLifecycleListener   : OpenSSL successfully initialized [OpenSSL 3.0.13 30 Jan 2024]
2024-12-24 12:13:07.834  INFO 35804 --- [main] o.a.c.c.C.[Tomcat].[localhost].[/]       : Initializing Spring embedded WebApplicationContext
2024-12-24 12:13:07.834  INFO 35804 --- [main] w.s.c.ServletWebServerApplicationContext : Root WebApplicationContext: initialization completed in 781 ms
2024-12-24 12:13:07.875  WARN 35804 --- [main] ConfigServletWebServerApplicationContext : Exception encountered during context initialization - cancelling refresh attempt: org.springframework.beans.factory.BeanCreationException: Error creating bean with name 'dockerConfiguration': Invocation of init method failed; nested exception is cn.edu.zjut.dockermanager.exception.BusinessException: 请先安装docker
2024-12-24 12:13:07.877  INFO 35804 --- [main] o.apache.catalina.core.StandardService   : Stopping service [Tomcat]
2024-12-24 12:13:07.884  INFO 35804 --- [main] ConditionEvaluationReportLoggingListener : 

Error starting ApplicationContext. To display the conditions report re-run your application with 'debug' enabled.
2024-12-24 12:13:07.892 ERROR 35804 --- [main] o.s.boot.SpringApplication               : Application run failed

org.springframework.beans.factory.BeanCreationException: Error creating bean with name 'dockerConfiguration': Invocation of init method failed; nested exception is cn.edu.zjut.dockermanager.exception.BusinessException: 请先安装docker
	at org.springframework.beans.factory.annotation.InitDestroyAnnotationBeanPostProcessor.postProcessBeforeInitialization(InitDestroyAnnotationBeanPostProcessor.java:160) ~[spring-beans-5.2.7.RELEASE.jar:5.2.7.RELEASE]
	at org.springframework.beans.factory.support.AbstractAutowireCapableBeanFactory.applyBeanPostProcessorsBeforeInitialization(AbstractAutowireCapableBeanFactory.java:416) ~[spring-beans-5.2.7.RELEASE.jar:5.2.7.RELEASE]
	at org.springframework.beans.factory.support.AbstractAutowireCapableBeanFactory.initializeBean(AbstractAutowireCapableBeanFactory.java:1788) ~[spring-beans-5.2.7.RELEASE.jar:5.2.7.RELEASE]
	at org.springframework.beans.factory.support.AbstractAutowireCapableBeanFactory.doCreateBean(AbstractAutowireCapableBeanFactory.java:595) ~[spring-beans-5.2.7.RELEASE.jar:5.2.7.RELEASE]
	at org.springframework.beans.factory.support.AbstractAutowireCapableBeanFactory.createBean(AbstractAutowireCapableBeanFactory.java:517) ~[spring-beans-5.2.7.RELEASE.jar:5.2.7.RELEASE]
	at org.springframework.beans.factory.support.AbstractBeanFactory.lambda$doGetBean$0(AbstractBeanFactory.java:323) ~[spring-beans-5.2.7.RELEASE.jar:5.2.7.RELEASE]
	at org.springframework.beans.factory.support.DefaultSingletonBeanRegistry.getSingleton(DefaultSingletonBeanRegistry.java:226) ~[spring-beans-5.2.7.RELEASE.jar:5.2.7.RELEASE]
	at org.springframework.beans.factory.support.AbstractBeanFactory.doGetBean(AbstractBeanFactory.java:321) ~[spring-beans-5.2.7.RELEASE.jar:5.2.7.RELEASE]
	at org.springframework.beans.factory.support.AbstractBeanFactory.getBean(AbstractBeanFactory.java:202) ~[spring-beans-5.2.7.RELEASE.jar:5.2.7.RELEASE]
	at org.springframework.beans.factory.support.DefaultListableBeanFactory.preInstantiateSingletons(DefaultListableBeanFactory.java:893) ~[spring-beans-5.2.7.RELEASE.jar:5.2.7.RELEASE]
	at org.springframework.context.support.AbstractApplicationContext.finishBeanFactoryInitialization(AbstractApplicationContext.java:879) ~[spring-context-5.2.7.RELEASE.jar:5.2.7.RELEASE]
	at org.springframework.context.support.AbstractApplicationContext.refresh(AbstractApplicationContext.java:551) ~[spring-context-5.2.7.RELEASE.jar:5.2.7.RELEASE]
	at org.springframework.boot.web.servlet.context.ServletWebServerApplicationContext.refresh(ServletWebServerApplicationContext.java:143) ~[spring-boot-2.3.1.RELEASE.jar:2.3.1.RELEASE]
	at org.springframework.boot.SpringApplication.refresh(SpringApplication.java:758) ~[spring-boot-2.3.1.RELEASE.jar:2.3.1.RELEASE]
	at org.springframework.boot.SpringApplication.refresh(SpringApplication.java:750) ~[spring-boot-2.3.1.RELEASE.jar:2.3.1.RELEASE]
	at org.springframework.boot.SpringApplication.refreshContext(SpringApplication.java:397) ~[spring-boot-2.3.1.RELEASE.jar:2.3.1.RELEASE]
	at org.springframework.boot.SpringApplication.run(SpringApplication.java:315) ~[spring-boot-2.3.1.RELEASE.jar:2.3.1.RELEASE]
	at org.springframework.boot.SpringApplication.run(SpringApplication.java:1237) ~[spring-boot-2.3.1.RELEASE.jar:2.3.1.RELEASE]
	at org.springframework.boot.SpringApplication.run(SpringApplication.java:1226) ~[spring-boot-2.3.1.RELEASE.jar:2.3.1.RELEASE]
	at cn.edu.zjut.dockermanager.Application.main(Application.java:10) ~[classes/:na]
Caused by: cn.edu.zjut.dockermanager.exception.BusinessException: 请先安装docker
	at cn.edu.zjut.dockermanager.config.DockerConfiguration.init(DockerConfiguration.java:23) ~[classes/:na]
	at java.base/jdk.internal.reflect.NativeMethodAccessorImpl.invoke0(Native Method) ~[na:na]
	at java.base/jdk.internal.reflect.NativeMethodAccessorImpl.invoke(NativeMethodAccessorImpl.java:62) ~[na:na]
	at java.base/jdk.internal.reflect.DelegatingMethodAccessorImpl.invoke(DelegatingMethodAccessorImpl.java:43) ~[na:na]
	at java.base/java.lang.reflect.Method.invoke(Method.java:566) ~[na:na]
	at org.springframework.beans.factory.annotation.InitDestroyAnnotationBeanPostProcessor$LifecycleElement.invoke(InitDestroyAnnotationBeanPostProcessor.java:389) ~[spring-beans-5.2.7.RELEASE.jar:5.2.7.RELEASE]
	at org.springframework.beans.factory.annotation.InitDestroyAnnotationBeanPostProcessor$LifecycleMetadata.invokeInitMethods(InitDestroyAnnotationBeanPostProcessor.java:333) ~[spring-beans-5.2.7.RELEASE.jar:5.2.7.RELEASE]
	at org.springframework.beans.factory.annotation.InitDestroyAnnotationBeanPostProcessor.postProcessBeforeInitialization(InitDestroyAnnotationBeanPostProcessor.java:157) ~[spring-beans-5.2.7.RELEASE.jar:5.2.7.RELEASE]
	... 19 common frames omitted

2024-12-24 12:54:47.068  INFO 45756 --- [main] cn.edu.zjut.dockermanager.Application    : Starting Application on zpf with PID 45756 (D:\RemoteDesktop\docker-manager\api\target\classes started by 朱鹏飞1 in D:\RemoteDesktop)
2024-12-24 12:54:47.070  INFO 45756 --- [main] cn.edu.zjut.dockermanager.Application    : No active profile set, falling back to default profiles: default
2024-12-24 12:54:47.674  INFO 45756 --- [main] o.s.b.w.embedded.tomcat.TomcatWebServer  : Tomcat initialized with port(s): 8081 (http)
2024-12-24 12:54:47.682  INFO 45756 --- [main] o.apache.catalina.core.StandardService   : Starting service [Tomcat]
2024-12-24 12:54:47.682  INFO 45756 --- [main] org.apache.catalina.core.StandardEngine  : Starting Servlet engine: [Apache Tomcat/9.0.36]
2024-12-24 12:54:47.683  INFO 45756 --- [main] o.a.catalina.core.AprLifecycleListener   : Loaded Apache Tomcat Native library [1.3.0] using APR version [1.7.4].
2024-12-24 12:54:47.683  INFO 45756 --- [main] o.a.catalina.core.AprLifecycleListener   : APR capabilities: IPv6 [true], sendfile [true], accept filters [false], random [true].
2024-12-24 12:54:47.683  INFO 45756 --- [main] o.a.catalina.core.AprLifecycleListener   : APR/OpenSSL configuration: useAprConnector [false], useOpenSSL [true]
2024-12-24 12:54:47.702  INFO 45756 --- [main] o.a.catalina.core.AprLifecycleListener   : OpenSSL successfully initialized [OpenSSL 3.0.13 30 Jan 2024]
2024-12-24 12:54:47.752  INFO 45756 --- [main] o.a.c.c.C.[Tomcat].[localhost].[/]       : Initializing Spring embedded WebApplicationContext
2024-12-24 12:54:47.752  INFO 45756 --- [main] w.s.c.ServletWebServerApplicationContext : Root WebApplicationContext: initialization completed in 647 ms
2024-12-24 12:55:00.213  INFO 45756 --- [main] o.s.s.concurrent.ThreadPoolTaskExecutor  : Initializing ExecutorService 'applicationTaskExecutor'
2024-12-24 12:55:00.344  INFO 45756 --- [main] o.s.b.w.embedded.tomcat.TomcatWebServer  : Tomcat started on port(s): 8081 (http) with context path ''
2024-12-24 12:55:00.351  INFO 45756 --- [main] cn.edu.zjut.dockermanager.Application    : Started Application in 13.541 seconds (JVM running for 14.679)
2024-12-24 12:55:27.353  INFO 45756 --- [http-nio-8081-exec-1] o.a.c.c.C.[Tomcat].[localhost].[/]       : Initializing Spring DispatcherServlet 'dispatcherServlet'
2024-12-24 12:55:27.354  INFO 45756 --- [http-nio-8081-exec-1] o.s.web.servlet.DispatcherServlet        : Initializing Servlet 'dispatcherServlet'
2024-12-24 12:55:27.360  INFO 45756 --- [http-nio-8081-exec-1] o.s.web.servlet.DispatcherServlet        : Completed initialization in 5 ms
2024-12-24 12:55:27.485  INFO 45756 --- [http-nio-8081-exec-9] c.e.z.d.interceptor.LoginInterceptor     : remoteAddr=127.0.0.1,  method=GET, uri=/docker/info, username=admin
2024-12-24 12:55:28.008 ERROR 45756 --- [http-nio-8081-exec-3] c.e.z.d.e.GlobalExceptionHandler         : 路径配置错误，无法获取到容器
2024-12-24 12:55:31.005 ERROR 45756 --- [http-nio-8081-exec-7] c.e.z.d.e.GlobalExceptionHandler         : 路径配置错误，无法获取到容器
2024-12-24 12:55:31.618  INFO 45756 --- [http-nio-8081-exec-8] c.e.z.d.interceptor.LoginInterceptor     : remoteAddr=127.0.0.1,  method=GET, uri=/docker/info, username=admin
2024-12-24 12:55:32.064 ERROR 45756 --- [http-nio-8081-exec-5] c.e.z.d.e.GlobalExceptionHandler         : 路径配置错误，无法获取到容器
2024-12-24 12:55:34.022 ERROR 45756 --- [http-nio-8081-exec-1] c.e.z.d.e.GlobalExceptionHandler         : 路径配置错误，无法获取到容器
2024-12-24 12:55:35.810 ERROR 45756 --- [http-nio-8081-exec-9] c.e.z.d.e.GlobalExceptionHandler         : 路径配置错误，无法获取到容器
2024-12-24 12:55:37.808 ERROR 45756 --- [http-nio-8081-exec-4] c.e.z.d.e.GlobalExceptionHandler         : 路径配置错误，无法获取到容器
2024-12-24 12:55:38.811 ERROR 45756 --- [http-nio-8081-exec-3] c.e.z.d.e.GlobalExceptionHandler         : 路径配置错误，无法获取到容器
2024-12-24 12:55:40.817 ERROR 45756 --- [http-nio-8081-exec-2] c.e.z.d.e.GlobalExceptionHandler         : 路径配置错误，无法获取到容器
2024-12-24 12:55:41.811 ERROR 45756 --- [http-nio-8081-exec-7] c.e.z.d.e.GlobalExceptionHandler         : 路径配置错误，无法获取到容器
2024-12-24 12:55:43.807 ERROR 45756 --- [http-nio-8081-exec-8] c.e.z.d.e.GlobalExceptionHandler         : 路径配置错误，无法获取到容器
2024-12-24 12:55:44.813 ERROR 45756 --- [http-nio-8081-exec-5] c.e.z.d.e.GlobalExceptionHandler         : 路径配置错误，无法获取到容器
2024-12-24 12:55:46.591  INFO 45756 --- [SpringContextShutdownHook] o.s.s.concurrent.ThreadPoolTaskExecutor  : Shutting down ExecutorService 'applicationTaskExecutor'
2024-12-24 12:56:47.463  INFO 24524 --- [main] cn.edu.zjut.dockermanager.Application    : Starting Application on zpf with PID 24524 (D:\RemoteDesktop\docker-manager\api\target\classes started by 朱鹏飞1 in D:\RemoteDesktop)
2024-12-24 12:56:47.469  INFO 24524 --- [main] cn.edu.zjut.dockermanager.Application    : No active profile set, falling back to default profiles: default
2024-12-24 12:56:48.065  INFO 24524 --- [main] o.s.b.w.embedded.tomcat.TomcatWebServer  : Tomcat initialized with port(s): 8081 (http)
2024-12-24 12:56:48.071  INFO 24524 --- [main] o.apache.catalina.core.StandardService   : Starting service [Tomcat]
2024-12-24 12:56:48.071  INFO 24524 --- [main] org.apache.catalina.core.StandardEngine  : Starting Servlet engine: [Apache Tomcat/9.0.36]
2024-12-24 12:56:48.072  INFO 24524 --- [main] o.a.catalina.core.AprLifecycleListener   : Loaded Apache Tomcat Native library [1.3.0] using APR version [1.7.4].
2024-12-24 12:56:48.072  INFO 24524 --- [main] o.a.catalina.core.AprLifecycleListener   : APR capabilities: IPv6 [true], sendfile [true], accept filters [false], random [true].
2024-12-24 12:56:48.072  INFO 24524 --- [main] o.a.catalina.core.AprLifecycleListener   : APR/OpenSSL configuration: useAprConnector [false], useOpenSSL [true]
2024-12-24 12:56:48.075  INFO 24524 --- [main] o.a.catalina.core.AprLifecycleListener   : OpenSSL successfully initialized [OpenSSL 3.0.13 30 Jan 2024]
2024-12-24 12:56:48.123  INFO 24524 --- [main] o.a.c.c.C.[Tomcat].[localhost].[/]       : Initializing Spring embedded WebApplicationContext
2024-12-24 12:56:48.123  INFO 24524 --- [main] w.s.c.ServletWebServerApplicationContext : Root WebApplicationContext: initialization completed in 626 ms
2024-12-24 12:57:41.485  INFO 27296 --- [main] cn.edu.zjut.dockermanager.Application    : Starting Application on zpf with PID 27296 (D:\RemoteDesktop\docker-manager\api\target\classes started by 朱鹏飞1 in D:\RemoteDesktop)
2024-12-24 12:57:41.486  INFO 27296 --- [main] cn.edu.zjut.dockermanager.Application    : No active profile set, falling back to default profiles: default
2024-12-24 12:57:42.085  INFO 27296 --- [main] o.s.b.w.embedded.tomcat.TomcatWebServer  : Tomcat initialized with port(s): 8081 (http)
2024-12-24 12:57:42.090  INFO 27296 --- [main] o.apache.catalina.core.StandardService   : Starting service [Tomcat]
2024-12-24 12:57:42.091  INFO 27296 --- [main] org.apache.catalina.core.StandardEngine  : Starting Servlet engine: [Apache Tomcat/9.0.36]
2024-12-24 12:57:42.092  INFO 27296 --- [main] o.a.catalina.core.AprLifecycleListener   : Loaded Apache Tomcat Native library [1.3.0] using APR version [1.7.4].
2024-12-24 12:57:42.092  INFO 27296 --- [main] o.a.catalina.core.AprLifecycleListener   : APR capabilities: IPv6 [true], sendfile [true], accept filters [false], random [true].
2024-12-24 12:57:42.092  INFO 27296 --- [main] o.a.catalina.core.AprLifecycleListener   : APR/OpenSSL configuration: useAprConnector [false], useOpenSSL [true]
2024-12-24 12:57:42.095  INFO 27296 --- [main] o.a.catalina.core.AprLifecycleListener   : OpenSSL successfully initialized [OpenSSL 3.0.13 30 Jan 2024]
2024-12-24 12:57:42.141  INFO 27296 --- [main] o.a.c.c.C.[Tomcat].[localhost].[/]       : Initializing Spring embedded WebApplicationContext
2024-12-24 12:57:42.141  INFO 27296 --- [main] w.s.c.ServletWebServerApplicationContext : Root WebApplicationContext: initialization completed in 628 ms
2024-12-24 12:58:49.027  INFO 25068 --- [main] cn.edu.zjut.dockermanager.Application    : Starting Application on zpf with PID 25068 (D:\RemoteDesktop\docker-manager\api\target\classes started by 朱鹏飞1 in D:\RemoteDesktop)
2024-12-24 12:58:49.029  INFO 25068 --- [main] cn.edu.zjut.dockermanager.Application    : No active profile set, falling back to default profiles: default
2024-12-24 12:58:49.610  INFO 25068 --- [main] o.s.b.w.embedded.tomcat.TomcatWebServer  : Tomcat initialized with port(s): 8081 (http)
2024-12-24 12:58:49.615  INFO 25068 --- [main] o.apache.catalina.core.StandardService   : Starting service [Tomcat]
2024-12-24 12:58:49.615  INFO 25068 --- [main] org.apache.catalina.core.StandardEngine  : Starting Servlet engine: [Apache Tomcat/9.0.36]
2024-12-24 12:58:49.616  INFO 25068 --- [main] o.a.catalina.core.AprLifecycleListener   : Loaded Apache Tomcat Native library [1.3.0] using APR version [1.7.4].
2024-12-24 12:58:49.616  INFO 25068 --- [main] o.a.catalina.core.AprLifecycleListener   : APR capabilities: IPv6 [true], sendfile [true], accept filters [false], random [true].
2024-12-24 12:58:49.616  INFO 25068 --- [main] o.a.catalina.core.AprLifecycleListener   : APR/OpenSSL configuration: useAprConnector [false], useOpenSSL [true]
2024-12-24 12:58:49.619  INFO 25068 --- [main] o.a.catalina.core.AprLifecycleListener   : OpenSSL successfully initialized [OpenSSL 3.0.13 30 Jan 2024]
2024-12-24 12:58:49.662  INFO 25068 --- [main] o.a.c.c.C.[Tomcat].[localhost].[/]       : Initializing Spring embedded WebApplicationContext
2024-12-24 12:58:49.662  INFO 25068 --- [main] w.s.c.ServletWebServerApplicationContext : Root WebApplicationContext: initialization completed in 608 ms
2024-12-24 13:02:49.259  INFO 44216 --- [main] cn.edu.zjut.dockermanager.Application    : Starting Application on zpf with PID 44216 (D:\RemoteDesktop\docker-manager\api\target\classes started by 朱鹏飞1 in D:\RemoteDesktop)
2024-12-24 13:02:49.262  INFO 44216 --- [main] cn.edu.zjut.dockermanager.Application    : No active profile set, falling back to default profiles: default
2024-12-24 13:02:49.846  INFO 44216 --- [main] o.s.b.w.embedded.tomcat.TomcatWebServer  : Tomcat initialized with port(s): 8081 (http)
2024-12-24 13:02:49.851  INFO 44216 --- [main] o.apache.catalina.core.StandardService   : Starting service [Tomcat]
2024-12-24 13:02:49.851  INFO 44216 --- [main] org.apache.catalina.core.StandardEngine  : Starting Servlet engine: [Apache Tomcat/9.0.36]
2024-12-24 13:02:49.852  INFO 44216 --- [main] o.a.catalina.core.AprLifecycleListener   : Loaded Apache Tomcat Native library [1.3.0] using APR version [1.7.4].
2024-12-24 13:02:49.852  INFO 44216 --- [main] o.a.catalina.core.AprLifecycleListener   : APR capabilities: IPv6 [true], sendfile [true], accept filters [false], random [true].
2024-12-24 13:02:49.852  INFO 44216 --- [main] o.a.catalina.core.AprLifecycleListener   : APR/OpenSSL configuration: useAprConnector [false], useOpenSSL [true]
2024-12-24 13:02:49.856  INFO 44216 --- [main] o.a.catalina.core.AprLifecycleListener   : OpenSSL successfully initialized [OpenSSL 3.0.13 30 Jan 2024]
2024-12-24 13:02:49.903  INFO 44216 --- [main] o.a.c.c.C.[Tomcat].[localhost].[/]       : Initializing Spring embedded WebApplicationContext
2024-12-24 13:02:49.903  INFO 44216 --- [main] w.s.c.ServletWebServerApplicationContext : Root WebApplicationContext: initialization completed in 605 ms
2024-12-24 13:02:50.397  INFO 44216 --- [main] o.s.s.concurrent.ThreadPoolTaskExecutor  : Initializing ExecutorService 'applicationTaskExecutor'
2024-12-24 13:02:50.512  INFO 44216 --- [main] o.s.b.w.embedded.tomcat.TomcatWebServer  : Tomcat started on port(s): 8081 (http) with context path ''
2024-12-24 13:02:50.519  INFO 44216 --- [main] cn.edu.zjut.dockermanager.Application    : Started Application in 1.527 seconds (JVM running for 2.64)
2024-12-24 13:02:50.847  INFO 44216 --- [http-nio-8081-exec-1] o.a.c.c.C.[Tomcat].[localhost].[/]       : Initializing Spring DispatcherServlet 'dispatcherServlet'
2024-12-24 13:02:50.848  INFO 44216 --- [http-nio-8081-exec-1] o.s.web.servlet.DispatcherServlet        : Initializing Servlet 'dispatcherServlet'
2024-12-24 13:02:50.852  INFO 44216 --- [http-nio-8081-exec-1] o.s.web.servlet.DispatcherServlet        : Completed initialization in 4 ms
2024-12-24 13:03:19.671 ERROR 44216 --- [http-nio-8081-exec-10] c.e.z.d.e.GlobalExceptionHandler         : 路径配置错误，无法获取到容器
2024-12-24 13:03:19.671 ERROR 44216 --- [http-nio-8081-exec-8] c.e.z.d.e.GlobalExceptionHandler         : 路径配置错误，无法获取到容器
2024-12-24 13:03:19.671 ERROR 44216 --- [http-nio-8081-exec-2] c.e.z.d.e.GlobalExceptionHandler         : 路径配置错误，无法获取到容器
2024-12-24 13:03:19.671 ERROR 44216 --- [http-nio-8081-exec-6] c.e.z.d.e.GlobalExceptionHandler         : 路径配置错误，无法获取到容器
2024-12-24 13:03:19.686 ERROR 44216 --- [http-nio-8081-exec-1] c.e.z.d.e.GlobalExceptionHandler         : 路径配置错误，无法获取到容器
2024-12-24 13:03:20.216  INFO 44216 --- [SpringContextShutdownHook] o.s.s.concurrent.ThreadPoolTaskExecutor  : Shutting down ExecutorService 'applicationTaskExecutor'
2024-12-24 13:12:19.547  INFO 45796 --- [main] cn.edu.zjut.dockermanager.Application    : Starting Application on zpf with PID 45796 (D:\RemoteDesktop\docker-manager\api\target\classes started by 朱鹏飞1 in D:\RemoteDesktop)
2024-12-24 13:12:19.549  INFO 45796 --- [main] cn.edu.zjut.dockermanager.Application    : No active profile set, falling back to default profiles: default
2024-12-24 13:12:20.173  INFO 45796 --- [main] o.s.b.w.embedded.tomcat.TomcatWebServer  : Tomcat initialized with port(s): 8081 (http)
2024-12-24 13:12:20.182  INFO 45796 --- [main] o.apache.catalina.core.StandardService   : Starting service [Tomcat]
2024-12-24 13:12:20.182  INFO 45796 --- [main] org.apache.catalina.core.StandardEngine  : Starting Servlet engine: [Apache Tomcat/9.0.36]
2024-12-24 13:12:20.184  INFO 45796 --- [main] o.a.catalina.core.AprLifecycleListener   : Loaded Apache Tomcat Native library [1.3.0] using APR version [1.7.4].
2024-12-24 13:12:20.184  INFO 45796 --- [main] o.a.catalina.core.AprLifecycleListener   : APR capabilities: IPv6 [true], sendfile [true], accept filters [false], random [true].
2024-12-24 13:12:20.184  INFO 45796 --- [main] o.a.catalina.core.AprLifecycleListener   : APR/OpenSSL configuration: useAprConnector [false], useOpenSSL [true]
2024-12-24 13:12:20.203  INFO 45796 --- [main] o.a.catalina.core.AprLifecycleListener   : OpenSSL successfully initialized [OpenSSL 3.0.13 30 Jan 2024]
2024-12-24 13:12:20.264  INFO 45796 --- [main] o.a.c.c.C.[Tomcat].[localhost].[/]       : Initializing Spring embedded WebApplicationContext
2024-12-24 13:12:20.265  INFO 45796 --- [main] w.s.c.ServletWebServerApplicationContext : Root WebApplicationContext: initialization completed in 685 ms
2024-12-24 13:12:21.186  INFO 45796 --- [main] o.s.s.concurrent.ThreadPoolTaskExecutor  : Initializing ExecutorService 'applicationTaskExecutor'
2024-12-24 13:12:21.319  INFO 45796 --- [main] o.s.b.w.embedded.tomcat.TomcatWebServer  : Tomcat started on port(s): 8081 (http) with context path ''
2024-12-24 13:12:21.328  INFO 45796 --- [main] cn.edu.zjut.dockermanager.Application    : Started Application in 2.051 seconds (JVM running for 3.294)
2024-12-24 13:12:22.845  INFO 45796 --- [http-nio-8081-exec-3] o.a.c.c.C.[Tomcat].[localhost].[/]       : Initializing Spring DispatcherServlet 'dispatcherServlet'
2024-12-24 13:12:22.845  INFO 45796 --- [http-nio-8081-exec-3] o.s.web.servlet.DispatcherServlet        : Initializing Servlet 'dispatcherServlet'
2024-12-24 13:12:22.851  INFO 45796 --- [http-nio-8081-exec-3] o.s.web.servlet.DispatcherServlet        : Completed initialization in 5 ms
2024-12-24 13:12:22.938 ERROR 45796 --- [http-nio-8081-exec-2] c.e.z.d.e.GlobalExceptionHandler         : 路径配置错误，无法获取到容器
2024-12-24 13:12:22.968 ERROR 45796 --- [http-nio-8081-exec-9] c.e.z.d.e.GlobalExceptionHandler         : 路径配置错误，无法获取到容器
2024-12-24 13:12:46.122  INFO 45796 --- [http-nio-8081-exec-6] c.e.z.d.interceptor.LoginInterceptor     : remoteAddr=127.0.0.1,  method=GET, uri=/docker/info, username=admin
2024-12-24 13:12:46.641 ERROR 45796 --- [http-nio-8081-exec-4] c.e.z.d.e.GlobalExceptionHandler         : 路径配置错误，无法获取到容器
2024-12-24 13:12:49.638 ERROR 45796 --- [http-nio-8081-exec-1] c.e.z.d.e.GlobalExceptionHandler         : 路径配置错误，无法获取到容器
2024-12-24 13:12:50.535  INFO 45796 --- [http-nio-8081-exec-3] c.e.z.d.interceptor.LoginInterceptor     : remoteAddr=127.0.0.1,  method=GET, uri=/docker/info, username=admin
2024-12-24 13:12:51.038 ERROR 45796 --- [http-nio-8081-exec-2] c.e.z.d.e.GlobalExceptionHandler         : 路径配置错误，无法获取到容器
2024-12-24 13:12:52.814 ERROR 45796 --- [http-nio-8081-exec-10] c.e.z.d.e.GlobalExceptionHandler         : 路径配置错误，无法获取到容器
2024-12-24 13:12:54.807 ERROR 45796 --- [http-nio-8081-exec-6] c.e.z.d.e.GlobalExceptionHandler         : 路径配置错误，无法获取到容器
2024-12-24 13:12:55.823 ERROR 45796 --- [http-nio-8081-exec-7] c.e.z.d.e.GlobalExceptionHandler         : 路径配置错误，无法获取到容器
2024-12-24 13:12:57.814 ERROR 45796 --- [http-nio-8081-exec-4] c.e.z.d.e.GlobalExceptionHandler         : 路径配置错误，无法获取到容器
2024-12-24 13:12:58.806 ERROR 45796 --- [http-nio-8081-exec-5] c.e.z.d.e.GlobalExceptionHandler         : 路径配置错误，无法获取到容器
2024-12-24 13:13:00.818 ERROR 45796 --- [http-nio-8081-exec-1] c.e.z.d.e.GlobalExceptionHandler         : 路径配置错误，无法获取到容器
2024-12-24 13:13:01.800 ERROR 45796 --- [http-nio-8081-exec-3] c.e.z.d.e.GlobalExceptionHandler         : 路径配置错误，无法获取到容器
2024-12-24 13:13:03.816 ERROR 45796 --- [http-nio-8081-exec-9] c.e.z.d.e.GlobalExceptionHandler         : 路径配置错误，无法获取到容器
2024-12-24 13:13:04.802 ERROR 45796 --- [http-nio-8081-exec-10] c.e.z.d.e.GlobalExceptionHandler         : 路径配置错误，无法获取到容器
2024-12-24 13:13:06.811 ERROR 45796 --- [http-nio-8081-exec-6] c.e.z.d.e.GlobalExceptionHandler         : 路径配置错误，无法获取到容器
2024-12-24 13:13:07.816 ERROR 45796 --- [http-nio-8081-exec-7] c.e.z.d.e.GlobalExceptionHandler         : 路径配置错误，无法获取到容器
2024-12-24 13:13:08.639  INFO 45796 --- [SpringContextShutdownHook] o.s.s.concurrent.ThreadPoolTaskExecutor  : Shutting down ExecutorService 'applicationTaskExecutor'
2024-12-24 13:26:05.346  INFO 48368 --- [main] cn.edu.zjut.dockermanager.Application    : Starting Application on zpf with PID 48368 (D:\RemoteDesktop\docker-manager\api\target\classes started by 朱鹏飞1 in D:\RemoteDesktop)
2024-12-24 13:26:05.347  INFO 48368 --- [main] cn.edu.zjut.dockermanager.Application    : No active profile set, falling back to default profiles: default
2024-12-24 13:26:06.041  INFO 48368 --- [main] o.s.b.w.embedded.tomcat.TomcatWebServer  : Tomcat initialized with port(s): 8081 (http)
2024-12-24 13:26:06.049  INFO 48368 --- [main] o.apache.catalina.core.StandardService   : Starting service [Tomcat]
2024-12-24 13:26:06.049  INFO 48368 --- [main] org.apache.catalina.core.StandardEngine  : Starting Servlet engine: [Apache Tomcat/9.0.36]
2024-12-24 13:26:06.050  INFO 48368 --- [main] o.a.catalina.core.AprLifecycleListener   : Loaded Apache Tomcat Native library [1.3.0] using APR version [1.7.4].
2024-12-24 13:26:06.050  INFO 48368 --- [main] o.a.catalina.core.AprLifecycleListener   : APR capabilities: IPv6 [true], sendfile [true], accept filters [false], random [true].
2024-12-24 13:26:06.051  INFO 48368 --- [main] o.a.catalina.core.AprLifecycleListener   : APR/OpenSSL configuration: useAprConnector [false], useOpenSSL [true]
2024-12-24 13:26:06.084  INFO 48368 --- [main] o.a.catalina.core.AprLifecycleListener   : OpenSSL successfully initialized [OpenSSL 3.0.13 30 Jan 2024]
2024-12-24 13:26:06.139  INFO 48368 --- [main] o.a.c.c.C.[Tomcat].[localhost].[/]       : Initializing Spring embedded WebApplicationContext
2024-12-24 13:26:06.139  INFO 48368 --- [main] w.s.c.ServletWebServerApplicationContext : Root WebApplicationContext: initialization completed in 762 ms
2024-12-24 13:26:06.828  INFO 48368 --- [main] o.s.s.concurrent.ThreadPoolTaskExecutor  : Initializing ExecutorService 'applicationTaskExecutor'
2024-12-24 13:26:06.970  INFO 48368 --- [main] o.s.b.w.embedded.tomcat.TomcatWebServer  : Tomcat started on port(s): 8081 (http) with context path ''
2024-12-24 13:26:06.978  INFO 48368 --- [main] cn.edu.zjut.dockermanager.Application    : Started Application in 1.933 seconds (JVM running for 3.126)
2024-12-24 13:26:13.464  INFO 48368 --- [http-nio-8081-exec-1] o.a.c.c.C.[Tomcat].[localhost].[/]       : Initializing Spring DispatcherServlet 'dispatcherServlet'
2024-12-24 13:26:13.465  INFO 48368 --- [http-nio-8081-exec-1] o.s.web.servlet.DispatcherServlet        : Initializing Servlet 'dispatcherServlet'
2024-12-24 13:26:13.470  INFO 48368 --- [http-nio-8081-exec-1] o.s.web.servlet.DispatcherServlet        : Completed initialization in 5 ms
2024-12-24 13:26:13.609  INFO 48368 --- [http-nio-8081-exec-2] c.e.z.d.interceptor.LoginInterceptor     : remoteAddr=127.0.0.1,  method=GET, uri=/docker/info, username=admin
2024-12-24 13:26:32.830 ERROR 48368 --- [http-nio-8081-exec-4] c.e.z.d.e.GlobalExceptionHandler         : 路径配置错误，无法获取到容器
2024-12-24 13:26:32.831 ERROR 48368 --- [http-nio-8081-exec-9] c.e.z.d.e.GlobalExceptionHandler         : 路径配置错误，无法获取到容器
2024-12-24 13:26:32.841 ERROR 48368 --- [http-nio-8081-exec-3] c.e.z.d.e.GlobalExceptionHandler         : 路径配置错误，无法获取到容器
2024-12-24 13:26:32.845 ERROR 48368 --- [http-nio-8081-exec-5] c.e.z.d.e.GlobalExceptionHandler         : 路径配置错误，无法获取到容器
2024-12-24 13:26:32.847 ERROR 48368 --- [http-nio-8081-exec-6] c.e.z.d.e.GlobalExceptionHandler         : 路径配置错误，无法获取到容器
2024-12-24 13:26:32.850 ERROR 48368 --- [http-nio-8081-exec-8] c.e.z.d.e.GlobalExceptionHandler         : 路径配置错误，无法获取到容器
2024-12-24 13:26:33.433  INFO 48368 --- [SpringContextShutdownHook] o.s.s.concurrent.ThreadPoolTaskExecutor  : Shutting down ExecutorService 'applicationTaskExecutor'
2024-12-24 13:51:41.929  INFO 48252 --- [main] cn.edu.zjut.dockermanager.Application    : Starting Application on zpf with PID 48252 (D:\RemoteDesktop\docker-manager\api\target\classes started by 朱鹏飞1 in D:\RemoteDesktop)
2024-12-24 13:51:41.931  INFO 48252 --- [main] cn.edu.zjut.dockermanager.Application    : No active profile set, falling back to default profiles: default
2024-12-24 13:51:42.533  INFO 48252 --- [main] o.s.b.w.embedded.tomcat.TomcatWebServer  : Tomcat initialized with port(s): 8081 (http)
2024-12-24 13:51:42.539  INFO 48252 --- [main] o.apache.catalina.core.StandardService   : Starting service [Tomcat]
2024-12-24 13:51:42.540  INFO 48252 --- [main] org.apache.catalina.core.StandardEngine  : Starting Servlet engine: [Apache Tomcat/9.0.36]
2024-12-24 13:51:42.541  INFO 48252 --- [main] o.a.catalina.core.AprLifecycleListener   : Loaded Apache Tomcat Native library [1.3.0] using APR version [1.7.4].
2024-12-24 13:51:42.541  INFO 48252 --- [main] o.a.catalina.core.AprLifecycleListener   : APR capabilities: IPv6 [true], sendfile [true], accept filters [false], random [true].
2024-12-24 13:51:42.542  INFO 48252 --- [main] o.a.catalina.core.AprLifecycleListener   : APR/OpenSSL configuration: useAprConnector [false], useOpenSSL [true]
2024-12-24 13:51:42.547  INFO 48252 --- [main] o.a.catalina.core.AprLifecycleListener   : OpenSSL successfully initialized [OpenSSL 3.0.13 30 Jan 2024]
2024-12-24 13:51:42.594  INFO 48252 --- [main] o.a.c.c.C.[Tomcat].[localhost].[/]       : Initializing Spring embedded WebApplicationContext
2024-12-24 13:51:42.594  INFO 48252 --- [main] w.s.c.ServletWebServerApplicationContext : Root WebApplicationContext: initialization completed in 636 ms
2024-12-24 13:51:43.164  INFO 48252 --- [main] o.s.s.concurrent.ThreadPoolTaskExecutor  : Initializing ExecutorService 'applicationTaskExecutor'
2024-12-24 13:51:43.308  INFO 48252 --- [main] o.s.b.w.embedded.tomcat.TomcatWebServer  : Tomcat started on port(s): 8081 (http) with context path ''
2024-12-24 13:51:43.318  INFO 48252 --- [main] cn.edu.zjut.dockermanager.Application    : Started Application in 1.652 seconds (JVM running for 2.8)
2024-12-24 13:52:02.616  INFO 48252 --- [http-nio-8081-exec-1] o.a.c.c.C.[Tomcat].[localhost].[/]       : Initializing Spring DispatcherServlet 'dispatcherServlet'
2024-12-24 13:52:02.617  INFO 48252 --- [http-nio-8081-exec-1] o.s.web.servlet.DispatcherServlet        : Initializing Servlet 'dispatcherServlet'
2024-12-24 13:52:02.623  INFO 48252 --- [http-nio-8081-exec-1] o.s.web.servlet.DispatcherServlet        : Completed initialization in 6 ms
2024-12-24 13:52:02.724  INFO 48252 --- [http-nio-8081-exec-5] c.e.z.d.interceptor.LoginInterceptor     : remoteAddr=127.0.0.1,  method=GET, uri=/docker/info, username=admin
2024-12-24 13:52:33.032 ERROR 48252 --- [http-nio-8081-exec-7] c.e.z.d.e.GlobalExceptionHandler         : 路径配置错误，无法获取到容器
2024-12-24 13:52:33.032 ERROR 48252 --- [http-nio-8081-exec-3] c.e.z.d.e.GlobalExceptionHandler         : 路径配置错误，无法获取到容器
2024-12-24 13:52:33.057 ERROR 48252 --- [http-nio-8081-exec-8] c.e.z.d.e.GlobalExceptionHandler         : 路径配置错误，无法获取到容器
2024-12-24 13:52:33.057 ERROR 48252 --- [http-nio-8081-exec-10] c.e.z.d.e.GlobalExceptionHandler         : 路径配置错误，无法获取到容器
2024-12-24 13:52:33.057 ERROR 48252 --- [http-nio-8081-exec-9] c.e.z.d.e.GlobalExceptionHandler         : 路径配置错误，无法获取到容器
2024-12-24 13:52:33.057 ERROR 48252 --- [http-nio-8081-exec-5] c.e.z.d.e.GlobalExceptionHandler         : 路径配置错误，无法获取到容器
2024-12-24 13:52:33.057 ERROR 48252 --- [http-nio-8081-exec-1] c.e.z.d.e.GlobalExceptionHandler         : 路径配置错误，无法获取到容器
2024-12-24 13:52:33.057 ERROR 48252 --- [http-nio-8081-exec-6] c.e.z.d.e.GlobalExceptionHandler         : 路径配置错误，无法获取到容器
2024-12-24 13:52:33.063 ERROR 48252 --- [http-nio-8081-exec-4] c.e.z.d.e.GlobalExceptionHandler         : 路径配置错误，无法获取到容器
2024-12-24 13:52:33.632  INFO 48252 --- [SpringContextShutdownHook] o.s.s.concurrent.ThreadPoolTaskExecutor  : Shutting down ExecutorService 'applicationTaskExecutor'
2024-12-24 14:00:00.596  INFO 54156 --- [main] cn.edu.zjut.dockermanager.Application    : Starting Application on zpf with PID 54156 (D:\RemoteDesktop\docker-manager\api\target\classes started by 朱鹏飞1 in D:\RemoteDesktop)
2024-12-24 14:00:00.598  INFO 54156 --- [main] cn.edu.zjut.dockermanager.Application    : No active profile set, falling back to default profiles: default
2024-12-24 14:00:01.260  INFO 54156 --- [main] o.s.b.w.embedded.tomcat.TomcatWebServer  : Tomcat initialized with port(s): 8081 (http)
2024-12-24 14:00:01.265  INFO 54156 --- [main] o.apache.catalina.core.StandardService   : Starting service [Tomcat]
2024-12-24 14:00:01.265  INFO 54156 --- [main] org.apache.catalina.core.StandardEngine  : Starting Servlet engine: [Apache Tomcat/9.0.36]
2024-12-24 14:00:01.266  INFO 54156 --- [main] o.a.catalina.core.AprLifecycleListener   : Loaded Apache Tomcat Native library [1.3.0] using APR version [1.7.4].
2024-12-24 14:00:01.266  INFO 54156 --- [main] o.a.catalina.core.AprLifecycleListener   : APR capabilities: IPv6 [true], sendfile [true], accept filters [false], random [true].
2024-12-24 14:00:01.266  INFO 54156 --- [main] o.a.catalina.core.AprLifecycleListener   : APR/OpenSSL configuration: useAprConnector [false], useOpenSSL [true]
2024-12-24 14:00:01.270  INFO 54156 --- [main] o.a.catalina.core.AprLifecycleListener   : OpenSSL successfully initialized [OpenSSL 3.0.13 30 Jan 2024]
2024-12-24 14:00:01.315  INFO 54156 --- [main] o.a.c.c.C.[Tomcat].[localhost].[/]       : Initializing Spring embedded WebApplicationContext
2024-12-24 14:00:01.315  INFO 54156 --- [main] w.s.c.ServletWebServerApplicationContext : Root WebApplicationContext: initialization completed in 681 ms
2024-12-24 14:00:01.872  INFO 54156 --- [main] o.s.s.concurrent.ThreadPoolTaskExecutor  : Initializing ExecutorService 'applicationTaskExecutor'
2024-12-24 14:00:02.017  INFO 54156 --- [main] o.s.b.w.embedded.tomcat.TomcatWebServer  : Tomcat started on port(s): 8081 (http) with context path ''
2024-12-24 14:00:02.025  INFO 54156 --- [main] cn.edu.zjut.dockermanager.Application    : Started Application in 1.714 seconds (JVM running for 2.907)
2024-12-24 14:00:16.053  INFO 54156 --- [http-nio-8081-exec-1] o.a.c.c.C.[Tomcat].[localhost].[/]       : Initializing Spring DispatcherServlet 'dispatcherServlet'
2024-12-24 14:00:16.054  INFO 54156 --- [http-nio-8081-exec-1] o.s.web.servlet.DispatcherServlet        : Initializing Servlet 'dispatcherServlet'
2024-12-24 14:00:16.058  INFO 54156 --- [http-nio-8081-exec-1] o.s.web.servlet.DispatcherServlet        : Completed initialization in 4 ms
2024-12-24 14:00:16.141  INFO 54156 --- [http-nio-8081-exec-2] c.e.z.d.interceptor.LoginInterceptor     : remoteAddr=127.0.0.1,  method=GET, uri=/docker/info, username=admin
2024-12-24 14:00:33.026  INFO 54156 --- [http-nio-8081-exec-3] c.e.z.d.interceptor.LoginInterceptor     : remoteAddr=127.0.0.1,  method=POST, uri=/container/stop, username=admin
2024-12-24 14:00:35.028  INFO 54156 --- [http-nio-8081-exec-5] c.e.z.d.interceptor.LoginInterceptor     : remoteAddr=127.0.0.1,  method=POST, uri=/container/start, username=admin
2024-12-24 14:00:57.762  INFO 54156 --- [http-nio-8081-exec-2] c.e.z.d.interceptor.LoginInterceptor     : remoteAddr=127.0.0.1,  method=POST, uri=/container/stop, username=admin
2024-12-24 14:00:59.094  INFO 54156 --- [http-nio-8081-exec-7] c.e.z.d.interceptor.LoginInterceptor     : remoteAddr=127.0.0.1,  method=POST, uri=/container/start, username=admin
2024-12-24 14:01:00.828  INFO 54156 --- [http-nio-8081-exec-5] c.e.z.d.interceptor.LoginInterceptor     : remoteAddr=127.0.0.1,  method=POST, uri=/container/stop, username=admin
2024-12-24 14:01:02.261  INFO 54156 --- [http-nio-8081-exec-4] c.e.z.d.interceptor.LoginInterceptor     : remoteAddr=127.0.0.1,  method=GET, uri=/container/getContainerConfig, username=admin
2024-12-24 14:01:19.603  INFO 54156 --- [http-nio-8081-exec-4] c.e.z.d.interceptor.LoginInterceptor     : remoteAddr=127.0.0.1,  method=GET, uri=/container/getContainerConfig, username=admin
2024-12-24 14:02:13.376  INFO 54156 --- [http-nio-8081-exec-4] c.e.z.d.interceptor.LoginInterceptor     : remoteAddr=127.0.0.1,  method=GET, uri=/container/getContainerConfig, username=admin
2024-12-24 14:02:40.942  INFO 54156 --- [http-nio-8081-exec-2] c.e.z.d.interceptor.LoginInterceptor     : remoteAddr=127.0.0.1,  method=GET, uri=/container/getContainerConfig, username=admin
2024-12-24 14:03:59.663  INFO 54156 --- [http-nio-8081-exec-4] c.e.z.d.interceptor.LoginInterceptor     : remoteAddr=127.0.0.1,  method=POST, uri=/container/stop, username=admin
2024-12-24 14:04:04.779  INFO 54156 --- [http-nio-8081-exec-5] c.e.z.d.interceptor.LoginInterceptor     : remoteAddr=127.0.0.1,  method=POST, uri=/container/start, username=admin
2024-12-24 14:04:43.104  INFO 54156 --- [http-nio-8081-exec-10] c.e.z.d.interceptor.LoginInterceptor     : remoteAddr=127.0.0.1,  method=POST, uri=/container/stop, username=admin
2024-12-24 14:08:41.791  INFO 54156 --- [SpringContextShutdownHook] o.s.s.concurrent.ThreadPoolTaskExecutor  : Shutting down ExecutorService 'applicationTaskExecutor'
